[0.064s] Invoking command in '/home/hhh/role/build/role1': CMAKE_PREFIX_PATH=/opt/ros/humble /usr/bin/cmake --build /home/hhh/role/build/role1 -- -j8 -l8
[0.178s] -- Found ament_cmake: 1.3.10 (/opt/ros/humble/share/ament_cmake/cmake)
[0.679s] -- Found rclcpp: 16.0.10 (/opt/ros/humble/share/rclcpp/cmake)
[0.790s] -- Found rosidl_generator_c: 3.1.5 (/opt/ros/humble/share/rosidl_generator_c/cmake)
[0.804s] -- Found rosidl_adapter: 3.1.5 (/opt/ros/humble/share/rosidl_adapter/cmake)
[0.828s] -- Found rosidl_generator_cpp: 3.1.5 (/opt/ros/humble/share/rosidl_generator_cpp/cmake)
[0.865s] -- Using all available rosidl_typesupport_c: rosidl_typesupport_fastrtps_c;rosidl_typesupport_introspection_c
[0.932s] -- Using all available rosidl_typesupport_cpp: rosidl_typesupport_fastrtps_cpp;rosidl_typesupport_introspection_cpp
[1.052s] -- Found rmw_implementation_cmake: 6.1.2 (/opt/ros/humble/share/rmw_implementation_cmake/cmake)
[1.054s] -- Found rmw_fastrtps_cpp: 6.2.7 (/opt/ros/humble/share/rmw_fastrtps_cpp/cmake)
[1.434s] -- Using RMW implementation 'rmw_fastrtps_cpp' as default
[1.628s] -- Found geometry_msgs: 4.2.4 (/opt/ros/humble/share/geometry_msgs/cmake)
[1.676s] -- Found ament_lint_auto: 0.12.11 (/opt/ros/humble/share/ament_lint_auto/cmake)
[1.949s] -- Added test 'cppcheck' to perform static code analysis on C / C++ code
[1.950s] -- Configured cppcheck include dirs: 
[1.951s] -- Configured cppcheck exclude dirs and/or files: 
[1.953s] -- Added test 'lint_cmake' to check CMake code style
[1.958s] -- Added test 'uncrustify' to check C / C++ code style
[1.958s] -- Configured uncrustify additional arguments: 
[1.958s] -- Added test 'xmllint' to check XML markup files
[1.964s] -- Configuring done
[2.066s] -- Generating done
[2.075s] -- Build files have been written to: /home/hhh/role/build/role1
[2.205s] [35m[1mConsolidate compiler generated dependencies of target role1_node[0m
[2.316s] [ 50%] [32mBuilding CXX object CMakeFiles/role1_node.dir/src/role1.cpp.o[0m
[16.126s] [100%] [32m[1mLinking CXX executable role1_node[0m
[17.149s] [100%] Built target role1_node
[17.199s] Invoked command in '/home/hhh/role/build/role1' returned '0': CMAKE_PREFIX_PATH=/opt/ros/humble /usr/bin/cmake --build /home/hhh/role/build/role1 -- -j8 -l8
[17.447s] Invoking command in '/home/hhh/role/build/role1': CMAKE_PREFIX_PATH=/opt/ros/humble /usr/bin/cmake --install /home/hhh/role/build/role1
[17.481s] -- Install configuration: ""
[17.481s] -- Up-to-date: /home/hhh/role/install/role1/share/ament_index/resource_index/package_run_dependencies/role1
[17.482s] -- Up-to-date: /home/hhh/role/install/role1/share/ament_index/resource_index/parent_prefix_path/role1
[17.482s] -- Up-to-date: /home/hhh/role/install/role1/share/role1/environment/ament_prefix_path.sh
[17.483s] -- Installing: /home/hhh/role/install/role1/share/role1/environment/ament_prefix_path.dsv
[17.483s] -- Up-to-date: /home/hhh/role/install/role1/share/role1/environment/path.sh
[17.484s] -- Installing: /home/hhh/role/install/role1/share/role1/environment/path.dsv
[17.484s] -- Up-to-date: /home/hhh/role/install/role1/share/role1/local_setup.bash
[17.484s] -- Up-to-date: /home/hhh/role/install/role1/share/role1/local_setup.sh
[17.485s] -- Up-to-date: /home/hhh/role/install/role1/share/role1/local_setup.zsh
[17.486s] -- Installing: /home/hhh/role/install/role1/share/role1/local_setup.dsv
[17.486s] -- Installing: /home/hhh/role/install/role1/share/role1/package.dsv
[17.486s] -- Up-to-date: /home/hhh/role/install/role1/share/ament_index/resource_index/packages/role1
[17.487s] -- Up-to-date: /home/hhh/role/install/role1/share/role1/cmake/role1Config.cmake
[17.487s] -- Up-to-date: /home/hhh/role/install/role1/share/role1/cmake/role1Config-version.cmake
[17.487s] -- Up-to-date: /home/hhh/role/install/role1/share/role1/package.xml
[17.492s] -- Installing: /home/hhh/role/install/role1/lib/role1/role1_node
[17.496s] -- Set runtime path of "/home/hhh/role/install/role1/lib/role1/role1_node" to ""
[17.504s] Invoked command in '/home/hhh/role/build/role1' returned '0': CMAKE_PREFIX_PATH=/opt/ros/humble /usr/bin/cmake --install /home/hhh/role/build/role1
