[35m[1mConsolidate compiler generated dependencies of target role2_node[0m
[ 50%] [32mBuilding CXX object CMakeFiles/role2_node.dir/src/role2.cpp.o[0m
[100%] [32m[1mLinking CXX executable role2_node[0m
[100%] Built target role2_node
-- Install configuration: ""
-- Up-to-date: /home/hhh/role/install/role2/share/ament_index/resource_index/package_run_dependencies/role2
-- Up-to-date: /home/hhh/role/install/role2/share/ament_index/resource_index/parent_prefix_path/role2
-- Up-to-date: /home/hhh/role/install/role2/share/role2/environment/ament_prefix_path.sh
-- Up-to-date: /home/hhh/role/install/role2/share/role2/environment/ament_prefix_path.dsv
-- Up-to-date: /home/hhh/role/install/role2/share/role2/environment/path.sh
-- Up-to-date: /home/hhh/role/install/role2/share/role2/environment/path.dsv
-- Up-to-date: /home/hhh/role/install/role2/share/role2/local_setup.bash
-- Up-to-date: /home/hhh/role/install/role2/share/role2/local_setup.sh
-- Up-to-date: /home/hhh/role/install/role2/share/role2/local_setup.zsh
-- Up-to-date: /home/hhh/role/install/role2/share/role2/local_setup.dsv
-- Installing: /home/hhh/role/install/role2/share/role2/package.dsv
-- Up-to-date: /home/hhh/role/install/role2/share/ament_index/resource_index/packages/role2
-- Up-to-date: /home/hhh/role/install/role2/share/role2/cmake/role2Config.cmake
-- Up-to-date: /home/hhh/role/install/role2/share/role2/cmake/role2Config-version.cmake
-- Up-to-date: /home/hhh/role/install/role2/share/role2/package.xml
-- Installing: /home/hhh/role/install/role2/lib/role2/role2_node
-- Set runtime path of "/home/hhh/role/install/role2/lib/role2/role2_node" to ""
