[0.811s] DEBUG:colcon:Command line arguments: ['/usr/bin/colcon', 'build', '--packages-select', 'role1']
[0.811s] DEBUG:colcon:Parsed command line arguments: Namespace(log_base=None, log_level=None, verb_name='build', build_base='build', install_base='install', merge_install=False, symlink_install=False, test_result_base=None, continue_on_error=False, executor='parallel', parallel_workers=8, event_handlers=None, ignore_user_meta=False, metas=['./colcon.meta'], base_paths=['.'], packages_ignore=None, packages_ignore_regex=None, paths=None, packages_up_to=None, packages_up_to_regex=None, packages_above=None, packages_above_and_dependencies=None, packages_above_depth=None, packages_select_by_dep=None, packages_skip_by_dep=None, packages_skip_up_to=None, packages_select_build_failed=False, packages_skip_build_finished=False, packages_select_test_failures=False, packages_skip_test_passed=False, packages_select=['role1'], packages_skip=None, packages_select_regex=None, packages_skip_regex=None, packages_start=None, packages_end=None, allow_overriding=[], cmake_args=None, cmake_target=None, cmake_target_skip_unavailable=False, cmake_clean_cache=False, cmake_clean_first=False, cmake_force_configure=False, ament_cmake_args=None, catkin_cmake_args=None, catkin_skip_building_tests=False, verb_parser=<colcon_defaults.argument_parser.defaults.DefaultArgumentsDecorator object at 0x7d6c1710af50>, verb_extension=<colcon_core.verb.build.BuildVerb object at 0x7d6c173efb20>, main=<bound method BuildVerb.main of <colcon_core.verb.build.BuildVerb object at 0x7d6c173efb20>>)
[1.717s] Level 1:colcon.colcon_core.package_discovery:discover_packages(colcon_meta) check parameters
[1.717s] Level 1:colcon.colcon_core.package_discovery:discover_packages(recursive) check parameters
[1.718s] Level 1:colcon.colcon_core.package_discovery:discover_packages(ignore) check parameters
[1.718s] Level 1:colcon.colcon_core.package_discovery:discover_packages(path) check parameters
[1.718s] Level 1:colcon.colcon_core.package_discovery:discover_packages(colcon_meta) discover
[1.718s] Level 1:colcon.colcon_core.package_discovery:discover_packages(recursive) discover
[1.718s] INFO:colcon.colcon_core.package_discovery:Crawling recursively for packages in '/home/hhh/role'
[1.719s] Level 1:colcon.colcon_core.package_identification:_identify(.) by extensions ['ignore', 'ignore_ament_install']
[1.719s] Level 1:colcon.colcon_core.package_identification:_identify(.) by extension 'ignore'
[1.720s] Level 1:colcon.colcon_core.package_identification:_identify(.) by extension 'ignore_ament_install'
[1.720s] Level 1:colcon.colcon_core.package_identification:_identify(.) by extensions ['colcon_pkg']
[1.720s] Level 1:colcon.colcon_core.package_identification:_identify(.) by extension 'colcon_pkg'
[1.721s] Level 1:colcon.colcon_core.package_identification:_identify(.) by extensions ['colcon_meta']
[1.721s] Level 1:colcon.colcon_core.package_identification:_identify(.) by extension 'colcon_meta'
[1.721s] Level 1:colcon.colcon_core.package_identification:_identify(.) by extensions ['ros']
[1.721s] Level 1:colcon.colcon_core.package_identification:_identify(.) by extension 'ros'
[1.824s] Level 1:colcon.colcon_core.package_identification:_identify(.) by extensions ['cmake', 'python']
[1.824s] Level 1:colcon.colcon_core.package_identification:_identify(.) by extension 'cmake'
[1.824s] Level 1:colcon.colcon_core.package_identification:_identify(.) by extension 'python'
[1.824s] Level 1:colcon.colcon_core.package_identification:_identify(.) by extensions ['python_setup_py']
[1.825s] Level 1:colcon.colcon_core.package_identification:_identify(.) by extension 'python_setup_py'
[1.826s] Level 1:colcon.colcon_core.package_identification:_identify(build) by extensions ['ignore', 'ignore_ament_install']
[1.826s] Level 1:colcon.colcon_core.package_identification:_identify(build) by extension 'ignore'
[1.826s] Level 1:colcon.colcon_core.package_identification:_identify(build) ignored
[1.827s] Level 1:colcon.colcon_core.package_identification:_identify(install) by extensions ['ignore', 'ignore_ament_install']
[1.827s] Level 1:colcon.colcon_core.package_identification:_identify(install) by extension 'ignore'
[1.827s] Level 1:colcon.colcon_core.package_identification:_identify(install) ignored
[1.828s] Level 1:colcon.colcon_core.package_identification:_identify(log) by extensions ['ignore', 'ignore_ament_install']
[1.828s] Level 1:colcon.colcon_core.package_identification:_identify(log) by extension 'ignore'
[1.828s] Level 1:colcon.colcon_core.package_identification:_identify(log) ignored
[1.829s] Level 1:colcon.colcon_core.package_identification:_identify(src) by extensions ['ignore', 'ignore_ament_install']
[1.829s] Level 1:colcon.colcon_core.package_identification:_identify(src) by extension 'ignore'
[1.829s] Level 1:colcon.colcon_core.package_identification:_identify(src) by extension 'ignore_ament_install'
[1.830s] Level 1:colcon.colcon_core.package_identification:_identify(src) by extensions ['colcon_pkg']
[1.830s] Level 1:colcon.colcon_core.package_identification:_identify(src) by extension 'colcon_pkg'
[1.830s] Level 1:colcon.colcon_core.package_identification:_identify(src) by extensions ['colcon_meta']
[1.830s] Level 1:colcon.colcon_core.package_identification:_identify(src) by extension 'colcon_meta'
[1.830s] Level 1:colcon.colcon_core.package_identification:_identify(src) by extensions ['ros']
[1.830s] Level 1:colcon.colcon_core.package_identification:_identify(src) by extension 'ros'
[1.831s] Level 1:colcon.colcon_core.package_identification:_identify(src) by extensions ['cmake', 'python']
[1.831s] Level 1:colcon.colcon_core.package_identification:_identify(src) by extension 'cmake'
[1.831s] Level 1:colcon.colcon_core.package_identification:_identify(src) by extension 'python'
[1.831s] Level 1:colcon.colcon_core.package_identification:_identify(src) by extensions ['python_setup_py']
[1.831s] Level 1:colcon.colcon_core.package_identification:_identify(src) by extension 'python_setup_py'
[1.832s] Level 1:colcon.colcon_core.package_identification:_identify(src/role1) by extensions ['ignore', 'ignore_ament_install']
[1.832s] Level 1:colcon.colcon_core.package_identification:_identify(src/role1) by extension 'ignore'
[1.833s] Level 1:colcon.colcon_core.package_identification:_identify(src/role1) by extension 'ignore_ament_install'
[1.833s] Level 1:colcon.colcon_core.package_identification:_identify(src/role1) by extensions ['colcon_pkg']
[1.833s] Level 1:colcon.colcon_core.package_identification:_identify(src/role1) by extension 'colcon_pkg'
[1.833s] Level 1:colcon.colcon_core.package_identification:_identify(src/role1) by extensions ['colcon_meta']
[1.834s] Level 1:colcon.colcon_core.package_identification:_identify(src/role1) by extension 'colcon_meta'
[1.834s] Level 1:colcon.colcon_core.package_identification:_identify(src/role1) by extensions ['ros']
[1.834s] Level 1:colcon.colcon_core.package_identification:_identify(src/role1) by extension 'ros'
[1.849s] DEBUG:colcon.colcon_core.package_identification:Package 'src/role1' with type 'ros.ament_cmake' and name 'role1'
[1.850s] Level 1:colcon.colcon_core.package_identification:_identify(src/role2) by extensions ['ignore', 'ignore_ament_install']
[1.850s] Level 1:colcon.colcon_core.package_identification:_identify(src/role2) by extension 'ignore'
[1.851s] Level 1:colcon.colcon_core.package_identification:_identify(src/role2) by extension 'ignore_ament_install'
[1.851s] Level 1:colcon.colcon_core.package_identification:_identify(src/role2) by extensions ['colcon_pkg']
[1.851s] Level 1:colcon.colcon_core.package_identification:_identify(src/role2) by extension 'colcon_pkg'
[1.851s] Level 1:colcon.colcon_core.package_identification:_identify(src/role2) by extensions ['colcon_meta']
[1.852s] Level 1:colcon.colcon_core.package_identification:_identify(src/role2) by extension 'colcon_meta'
[1.852s] Level 1:colcon.colcon_core.package_identification:_identify(src/role2) by extensions ['ros']
[1.852s] Level 1:colcon.colcon_core.package_identification:_identify(src/role2) by extension 'ros'
[1.855s] DEBUG:colcon.colcon_core.package_identification:Package 'src/role2' with type 'ros.ament_cmake' and name 'role2'
[1.855s] Level 1:colcon.colcon_core.package_discovery:discover_packages(recursive) using defaults
[1.855s] Level 1:colcon.colcon_core.package_discovery:discover_packages(ignore) discover
[1.856s] Level 1:colcon.colcon_core.package_discovery:discover_packages(ignore) using defaults
[1.856s] Level 1:colcon.colcon_core.package_discovery:discover_packages(path) discover
[1.856s] Level 1:colcon.colcon_core.package_discovery:discover_packages(path) using defaults
[1.996s] INFO:colcon.colcon_core.package_selection:Skipping not selected package 'role2' in 'src/role2'
[1.998s] Level 1:colcon.colcon_core.package_discovery:discover_packages(prefix_path) check parameters
[1.998s] Level 1:colcon.colcon_core.package_discovery:discover_packages(prefix_path) discover
[2.011s] DEBUG:colcon.colcon_installed_package_information.package_discovery:Found 2 installed packages in /home/hhh/role/install
[2.019s] DEBUG:colcon.colcon_installed_package_information.package_discovery:Found 270 installed packages in /opt/ros/humble
[2.030s] Level 1:colcon.colcon_core.package_discovery:discover_packages(prefix_path) using defaults
[2.326s] Level 5:colcon.colcon_core.verb:set package 'role1' build argument 'cmake_args' from command line to 'None'
[2.327s] Level 5:colcon.colcon_core.verb:set package 'role1' build argument 'cmake_target' from command line to 'None'
[2.327s] Level 5:colcon.colcon_core.verb:set package 'role1' build argument 'cmake_target_skip_unavailable' from command line to 'False'
[2.327s] Level 5:colcon.colcon_core.verb:set package 'role1' build argument 'cmake_clean_cache' from command line to 'False'
[2.327s] Level 5:colcon.colcon_core.verb:set package 'role1' build argument 'cmake_clean_first' from command line to 'False'
[2.327s] Level 5:colcon.colcon_core.verb:set package 'role1' build argument 'cmake_force_configure' from command line to 'False'
[2.327s] Level 5:colcon.colcon_core.verb:set package 'role1' build argument 'ament_cmake_args' from command line to 'None'
[2.327s] Level 5:colcon.colcon_core.verb:set package 'role1' build argument 'catkin_cmake_args' from command line to 'None'
[2.328s] Level 5:colcon.colcon_core.verb:set package 'role1' build argument 'catkin_skip_building_tests' from command line to 'False'
[2.328s] DEBUG:colcon.colcon_core.verb:Building package 'role1' with the following arguments: {'ament_cmake_args': None, 'build_base': '/home/hhh/role/build/role1', 'catkin_cmake_args': None, 'catkin_skip_building_tests': False, 'cmake_args': None, 'cmake_clean_cache': False, 'cmake_clean_first': False, 'cmake_force_configure': False, 'cmake_target': None, 'cmake_target_skip_unavailable': False, 'install_base': '/home/hhh/role/install/role1', 'merge_install': False, 'path': '/home/hhh/role/src/role1', 'symlink_install': False, 'test_result_base': None}
[2.328s] INFO:colcon.colcon_core.executor:Executing jobs using 'parallel' executor
[2.334s] DEBUG:colcon.colcon_parallel_executor.executor.parallel:run_until_complete
[2.335s] INFO:colcon.colcon_ros.task.ament_cmake.build:Building ROS package in '/home/hhh/role/src/role1' with build type 'ament_cmake'
[2.335s] INFO:colcon.colcon_cmake.task.cmake.build:Building CMake package in '/home/hhh/role/src/role1'
[2.347s] INFO:colcon.colcon_core.plugin_system:Skipping extension 'colcon_core.shell.bat': Not used on non-Windows systems
[2.348s] INFO:colcon.colcon_core.shell:Skip shell extension 'powershell' for command environment: Not usable outside of PowerShell
[2.348s] DEBUG:colcon.colcon_core.shell:Skip shell extension 'dsv' for command environment
[2.424s] DEBUG:colcon.colcon_core.event_handler.log_command:Invoking command in '/home/hhh/role/build/role1': CMAKE_PREFIX_PATH=${CMAKE_PREFIX_PATH}:/opt/ros/humble /usr/bin/cmake --build /home/hhh/role/build/role1 -- -j8 -l8
[23.523s] DEBUG:colcon.colcon_core.event_handler.log_command:Invoked command in '/home/hhh/role/build/role1' returned '0': CMAKE_PREFIX_PATH=${CMAKE_PREFIX_PATH}:/opt/ros/humble /usr/bin/cmake --build /home/hhh/role/build/role1 -- -j8 -l8
[23.754s] DEBUG:colcon.colcon_core.event_handler.log_command:Invoking command in '/home/hhh/role/build/role1': CMAKE_PREFIX_PATH=${CMAKE_PREFIX_PATH}:/opt/ros/humble /usr/bin/cmake --install /home/hhh/role/build/role1
[23.772s] Level 1:colcon.colcon_core.environment:create_environment_scripts_only(role1)
[23.773s] DEBUG:colcon.colcon_core.event_handler.log_command:Invoked command in '/home/hhh/role/build/role1' returned '0': CMAKE_PREFIX_PATH=${CMAKE_PREFIX_PATH}:/opt/ros/humble /usr/bin/cmake --install /home/hhh/role/build/role1
[23.776s] Level 1:colcon.colcon_core.environment:checking '/home/hhh/role/install/role1' for CMake module files
[23.777s] Level 1:colcon.colcon_core.environment:checking '/home/hhh/role/install/role1' for CMake config files
[23.777s] Level 1:colcon.colcon_core.shell:create_environment_hook('role1', 'cmake_prefix_path')
[23.778s] INFO:colcon.colcon_core.shell:Creating environment hook '/home/hhh/role/install/role1/share/role1/hook/cmake_prefix_path.ps1'
[23.779s] INFO:colcon.colcon_core.shell:Creating environment descriptor '/home/hhh/role/install/role1/share/role1/hook/cmake_prefix_path.dsv'
[23.779s] INFO:colcon.colcon_core.shell:Creating environment hook '/home/hhh/role/install/role1/share/role1/hook/cmake_prefix_path.sh'
[23.780s] Level 1:colcon.colcon_core.environment:checking '/home/hhh/role/install/role1/lib'
[23.781s] Level 1:colcon.colcon_core.environment:checking '/home/hhh/role/install/role1/bin'
[23.781s] Level 1:colcon.colcon_core.environment:checking '/home/hhh/role/install/role1/lib/pkgconfig/role1.pc'
[23.781s] Level 1:colcon.colcon_core.environment:checking '/home/hhh/role/install/role1/lib/python3.10/site-packages'
[23.781s] Level 1:colcon.colcon_core.environment:checking '/home/hhh/role/install/role1/bin'
[23.782s] INFO:colcon.colcon_core.shell:Creating package script '/home/hhh/role/install/role1/share/role1/package.ps1'
[23.785s] INFO:colcon.colcon_core.shell:Creating package descriptor '/home/hhh/role/install/role1/share/role1/package.dsv'
[23.788s] INFO:colcon.colcon_core.shell:Creating package script '/home/hhh/role/install/role1/share/role1/package.sh'
[23.792s] INFO:colcon.colcon_core.shell:Creating package script '/home/hhh/role/install/role1/share/role1/package.bash'
[23.795s] INFO:colcon.colcon_core.shell:Creating package script '/home/hhh/role/install/role1/share/role1/package.zsh'
[23.798s] Level 1:colcon.colcon_core.environment:create_file_with_runtime_dependencies(/home/hhh/role/install/role1/share/colcon-core/packages/role1)
[23.982s] Level 1:colcon.colcon_core.environment:create_environment_scripts_only(role1)
[23.983s] Level 1:colcon.colcon_core.environment:checking '/home/hhh/role/install/role1' for CMake module files
[23.985s] Level 1:colcon.colcon_core.environment:checking '/home/hhh/role/install/role1' for CMake config files
[23.986s] Level 1:colcon.colcon_core.shell:create_environment_hook('role1', 'cmake_prefix_path')
[23.987s] INFO:colcon.colcon_core.shell:Creating environment hook '/home/hhh/role/install/role1/share/role1/hook/cmake_prefix_path.ps1'
[23.988s] INFO:colcon.colcon_core.shell:Creating environment descriptor '/home/hhh/role/install/role1/share/role1/hook/cmake_prefix_path.dsv'
[23.989s] INFO:colcon.colcon_core.shell:Creating environment hook '/home/hhh/role/install/role1/share/role1/hook/cmake_prefix_path.sh'
[23.991s] Level 1:colcon.colcon_core.environment:checking '/home/hhh/role/install/role1/lib'
[23.991s] Level 1:colcon.colcon_core.environment:checking '/home/hhh/role/install/role1/bin'
[23.992s] Level 1:colcon.colcon_core.environment:checking '/home/hhh/role/install/role1/lib/pkgconfig/role1.pc'
[23.992s] Level 1:colcon.colcon_core.environment:checking '/home/hhh/role/install/role1/lib/python3.10/site-packages'
[23.993s] Level 1:colcon.colcon_core.environment:checking '/home/hhh/role/install/role1/bin'
[23.994s] INFO:colcon.colcon_core.shell:Creating package script '/home/hhh/role/install/role1/share/role1/package.ps1'
[23.997s] INFO:colcon.colcon_core.shell:Creating package descriptor '/home/hhh/role/install/role1/share/role1/package.dsv'
[23.998s] INFO:colcon.colcon_core.shell:Creating package script '/home/hhh/role/install/role1/share/role1/package.sh'
[24.000s] INFO:colcon.colcon_core.shell:Creating package script '/home/hhh/role/install/role1/share/role1/package.bash'
[24.001s] INFO:colcon.colcon_core.shell:Creating package script '/home/hhh/role/install/role1/share/role1/package.zsh'
[24.003s] Level 1:colcon.colcon_core.environment:create_file_with_runtime_dependencies(/home/hhh/role/install/role1/share/colcon-core/packages/role1)
[24.004s] DEBUG:colcon.colcon_parallel_executor.executor.parallel:closing loop
[24.005s] DEBUG:colcon.colcon_parallel_executor.executor.parallel:loop closed
[24.005s] DEBUG:colcon.colcon_parallel_executor.executor.parallel:run_until_complete finished with '0'
[24.005s] DEBUG:colcon.colcon_core.event_reactor:joining thread
[24.038s] INFO:colcon.colcon_core.plugin_system:Skipping extension 'colcon_notification.desktop_notification.terminal_notifier': Not used on non-Darwin systems
[24.038s] INFO:colcon.colcon_core.plugin_system:Skipping extension 'colcon_notification.desktop_notification.win32': Not used on non-Windows systems
[24.038s] INFO:colcon.colcon_notification.desktop_notification:Sending desktop notification using 'notify2'
[24.313s] DEBUG:colcon.colcon_core.event_reactor:joined thread
[24.314s] INFO:colcon.colcon_core.shell:Creating prefix script '/home/hhh/role/install/local_setup.ps1'
[24.318s] INFO:colcon.colcon_core.shell:Creating prefix util module '/home/hhh/role/install/_local_setup_util_ps1.py'
[24.325s] INFO:colcon.colcon_core.shell:Creating prefix chain script '/home/hhh/role/install/setup.ps1'
[24.330s] INFO:colcon.colcon_core.shell:Creating prefix script '/home/hhh/role/install/local_setup.sh'
[24.333s] INFO:colcon.colcon_core.shell:Creating prefix util module '/home/hhh/role/install/_local_setup_util_sh.py'
[24.336s] INFO:colcon.colcon_core.shell:Creating prefix chain script '/home/hhh/role/install/setup.sh'
[24.341s] INFO:colcon.colcon_core.shell:Creating prefix script '/home/hhh/role/install/local_setup.bash'
[24.343s] INFO:colcon.colcon_core.shell:Creating prefix chain script '/home/hhh/role/install/setup.bash'
[24.347s] INFO:colcon.colcon_core.shell:Creating prefix script '/home/hhh/role/install/local_setup.zsh'
[24.349s] INFO:colcon.colcon_core.shell:Creating prefix chain script '/home/hhh/role/install/setup.zsh'
