[0.111s] Invoking command in '/home/hhh/role/build/role2': CMAKE_PREFIX_PATH=/opt/ros/humble /usr/bin/cmake --build /home/hhh/role/build/role2 -- -j8 -l8
[1.019s] [35m[1mConsolidate compiler generated dependencies of target role2_node[0m
[1.165s] [100%] Built target role2_node
[1.277s] Invoked command in '/home/hhh/role/build/role2' returned '0': CMAKE_PREFIX_PATH=/opt/ros/humble /usr/bin/cmake --build /home/hhh/role/build/role2 -- -j8 -l8
[1.562s] Invoking command in '/home/hhh/role/build/role2': CMAKE_PREFIX_PATH=/opt/ros/humble /usr/bin/cmake --install /home/hhh/role/build/role2
[1.611s] -- Install configuration: ""
[1.621s] -- Up-to-date: /home/hhh/role/install/role2/share/ament_index/resource_index/package_run_dependencies/role2
[1.623s] -- Up-to-date: /home/hhh/role/install/role2/share/ament_index/resource_index/parent_prefix_path/role2
[1.625s] -- Up-to-date: /home/hhh/role/install/role2/share/role2/environment/ament_prefix_path.sh
[1.627s] -- Up-to-date: /home/hhh/role/install/role2/share/role2/environment/ament_prefix_path.dsv
[1.628s] -- Up-to-date: /home/hhh/role/install/role2/share/role2/environment/path.sh
[1.629s] -- Up-to-date: /home/hhh/role/install/role2/share/role2/environment/path.dsv
[1.629s] -- Up-to-date: /home/hhh/role/install/role2/share/role2/local_setup.bash
[1.629s] -- Up-to-date: /home/hhh/role/install/role2/share/role2/local_setup.sh
[1.632s] -- Up-to-date: /home/hhh/role/install/role2/share/role2/local_setup.zsh
[1.633s] -- Up-to-date: /home/hhh/role/install/role2/share/role2/local_setup.dsv
[1.633s] -- Installing: /home/hhh/role/install/role2/share/role2/package.dsv
[1.637s] -- Up-to-date: /home/hhh/role/install/role2/share/ament_index/resource_index/packages/role2
[1.640s] -- Up-to-date: /home/hhh/role/install/role2/share/role2/cmake/role2Config.cmake
[1.641s] -- Up-to-date: /home/hhh/role/install/role2/share/role2/cmake/role2Config-version.cmake
[1.643s] -- Up-to-date: /home/hhh/role/install/role2/share/role2/package.xml
[1.652s] -- Up-to-date: /home/hhh/role/install/role2/lib/role2/role2_node
[1.662s] Invoked command in '/home/hhh/role/build/role2' returned '0': CMAKE_PREFIX_PATH=/opt/ros/humble /usr/bin/cmake --install /home/hhh/role/build/role2
