[0.053s] Invoking command in '/home/hhh/role/build/role2': CMAKE_PREFIX_PATH=/opt/ros/humble /usr/bin/cmake --build /home/hhh/role/build/role2 -- -j8 -l8
[0.201s] -- Found ament_cmake: 1.3.10 (/opt/ros/humble/share/ament_cmake/cmake)
[0.691s] -- Found rclcpp: 16.0.10 (/opt/ros/humble/share/rclcpp/cmake)
[0.800s] -- Found rosidl_generator_c: 3.1.5 (/opt/ros/humble/share/rosidl_generator_c/cmake)
[0.816s] -- Found rosidl_adapter: 3.1.5 (/opt/ros/humble/share/rosidl_adapter/cmake)
[0.836s] -- Found rosidl_generator_cpp: 3.1.5 (/opt/ros/humble/share/rosidl_generator_cpp/cmake)
[0.881s] -- Using all available rosidl_typesupport_c: rosidl_typesupport_fastrtps_c;rosidl_typesupport_introspection_c
[0.930s] -- Using all available rosidl_typesupport_cpp: rosidl_typesupport_fastrtps_cpp;rosidl_typesupport_introspection_cpp
[1.087s] -- Found rmw_implementation_cmake: 6.1.2 (/opt/ros/humble/share/rmw_implementation_cmake/cmake)
[1.088s] -- Found rmw_fastrtps_cpp: 6.2.7 (/opt/ros/humble/share/rmw_fastrtps_cpp/cmake)
[1.480s] -- Using RMW implementation 'rmw_fastrtps_cpp' as default
[1.681s] -- Found ament_lint_auto: 0.12.11 (/opt/ros/humble/share/ament_lint_auto/cmake)
[1.981s] -- Added test 'cppcheck' to perform static code analysis on C / C++ code
[1.981s] -- Configured cppcheck include dirs: 
[1.981s] -- Configured cppcheck exclude dirs and/or files: 
[1.982s] -- Added test 'lint_cmake' to check CMake code style
[1.982s] -- Added test 'uncrustify' to check C / C++ code style
[1.982s] -- Configured uncrustify additional arguments: 
[1.983s] -- Added test 'xmllint' to check XML markup files
[1.986s] -- Configuring done
[2.041s] -- Generating done
[2.050s] -- Build files have been written to: /home/hhh/role/build/role2
[2.236s] [ 50%] [32mBuilding CXX object CMakeFiles/role2_node.dir/src/role2.cpp.o[0m
[14.136s] [100%] [32m[1mLinking CXX executable role2_node[0m
[14.569s] [100%] Built target role2_node
[14.614s] Invoked command in '/home/hhh/role/build/role2' returned '0': CMAKE_PREFIX_PATH=/opt/ros/humble /usr/bin/cmake --build /home/hhh/role/build/role2 -- -j8 -l8
[14.856s] Invoking command in '/home/hhh/role/build/role2': CMAKE_PREFIX_PATH=/opt/ros/humble /usr/bin/cmake --install /home/hhh/role/build/role2
[14.884s] -- Install configuration: ""
[14.887s] -- Installing: /home/hhh/role/install/role2/share/ament_index/resource_index/package_run_dependencies/role2
[14.889s] -- Installing: /home/hhh/role/install/role2/share/ament_index/resource_index/parent_prefix_path/role2
[14.890s] -- Installing: /home/hhh/role/install/role2/share/role2/environment/ament_prefix_path.sh
[14.891s] -- Installing: /home/hhh/role/install/role2/share/role2/environment/ament_prefix_path.dsv
[14.891s] -- Installing: /home/hhh/role/install/role2/share/role2/environment/path.sh
[14.891s] -- Installing: /home/hhh/role/install/role2/share/role2/environment/path.dsv
[14.891s] -- Installing: /home/hhh/role/install/role2/share/role2/local_setup.bash
[14.892s] -- Installing: /home/hhh/role/install/role2/share/role2/local_setup.sh
[14.898s] -- Installing: /home/hhh/role/install/role2/share/role2/local_setup.zsh
[14.899s] -- Installing: /home/hhh/role/install/role2/share/role2/local_setup.dsv
[14.899s] -- Installing: /home/hhh/role/install/role2/share/role2/package.dsv
[14.899s] -- Installing: /home/hhh/role/install/role2/share/ament_index/resource_index/packages/role2
[14.900s] -- Installing: /home/hhh/role/install/role2/share/role2/cmake/role2Config.cmake
[14.900s] -- Installing: /home/hhh/role/install/role2/share/role2/cmake/role2Config-version.cmake
[14.901s] -- Installing: /home/hhh/role/install/role2/share/role2/package.xml
[14.904s] -- Installing: /home/hhh/role/install/role2/lib/role2/role2_node
[14.908s] -- Set runtime path of "/home/hhh/role/install/role2/lib/role2/role2_node" to ""
[14.913s] Invoked command in '/home/hhh/role/build/role2' returned '0': CMAKE_PREFIX_PATH=/opt/ros/humble /usr/bin/cmake --install /home/hhh/role/build/role2
