[0.177s] Invoking command in '/home/hhh/role/build/role2': CMAKE_PREFIX_PATH=${CMAKE_PREFIX_PATH}:/opt/ros/humble /usr/bin/cmake --build /home/hhh/role/build/role2 -- -j8 -l8
[0.944s] -- Found ament_cmake: 1.3.10 (/opt/ros/humble/share/ament_cmake/cmake)
[1.614s] -- Found rclcpp: 16.0.10 (/opt/ros/humble/share/rclcpp/cmake)
[1.960s] -- Found rosidl_generator_c: 3.1.5 (/opt/ros/humble/share/rosidl_generator_c/cmake)
[1.986s] -- Found rosidl_adapter: 3.1.5 (/opt/ros/humble/share/rosidl_adapter/cmake)
[2.050s] -- Found rosidl_generator_cpp: 3.1.5 (/opt/ros/humble/share/rosidl_generator_cpp/cmake)
[2.149s] -- Using all available rosidl_typesupport_c: rosidl_typesupport_fastrtps_c;rosidl_typesupport_introspection_c
[2.259s] -- Using all available rosidl_typesupport_cpp: rosidl_typesupport_fastrtps_cpp;rosidl_typesupport_introspection_cpp
[2.540s] -- Found rmw_implementation_cmake: 6.1.2 (/opt/ros/humble/share/rmw_implementation_cmake/cmake)
[2.561s] -- Found rmw_fastrtps_cpp: 6.2.7 (/opt/ros/humble/share/rmw_fastrtps_cpp/cmake)
[3.090s] -- Using RMW implementation 'rmw_fastrtps_cpp' as default
[3.440s] -- Found geometry_msgs: 4.2.4 (/opt/ros/humble/share/geometry_msgs/cmake)
[3.526s] -- Found ament_lint_auto: 0.12.11 (/opt/ros/humble/share/ament_lint_auto/cmake)
[3.892s] -- Added test 'cppcheck' to perform static code analysis on C / C++ code
[3.892s] -- Configured cppcheck include dirs: 
[3.893s] -- Configured cppcheck exclude dirs and/or files: 
[3.898s] -- Added test 'lint_cmake' to check CMake code style
[3.906s] -- Added test 'uncrustify' to check C / C++ code style
[3.906s] -- Configured uncrustify additional arguments: 
[3.911s] -- Added test 'xmllint' to check XML markup files
[3.923s] [31mCMake Error at /opt/ros/humble/share/ament_cmake_target_dependencies/cmake/ament_target_dependencies.cmake:42 (message):
[3.924s]   ament_target_dependencies() the first argument must be a valid target name
[3.924s] Call Stack (most recent call first):
[3.924s]   CMakeLists.txt:29 (ament_target_dependencies)
[3.925s] 
[3.926s] [0m
[3.926s] -- Configuring incomplete, errors occurred!
[3.927s] See also "/home/hhh/role/build/role2/CMakeFiles/CMakeOutput.log".
[3.958s] gmake: *** [Makefile:267：cmake_check_build_system] 错误 1
[3.968s] Invoked command in '/home/hhh/role/build/role2' returned '2': CMAKE_PREFIX_PATH=${CMAKE_PREFIX_PATH}:/opt/ros/humble /usr/bin/cmake --build /home/hhh/role/build/role2 -- -j8 -l8
