[0.425s] DEBUG:colcon:Command line arguments: ['/usr/bin/colcon', 'build', '--packages-select', 'role1']
[0.426s] DEBUG:colcon:Parsed command line arguments: Namespace(log_base=None, log_level=None, verb_name='build', build_base='build', install_base='install', merge_install=False, symlink_install=False, test_result_base=None, continue_on_error=False, executor='parallel', parallel_workers=8, event_handlers=None, ignore_user_meta=False, metas=['./colcon.meta'], base_paths=['.'], packages_ignore=None, packages_ignore_regex=None, paths=None, packages_up_to=None, packages_up_to_regex=None, packages_above=None, packages_above_and_dependencies=None, packages_above_depth=None, packages_select_by_dep=None, packages_skip_by_dep=None, packages_skip_up_to=None, packages_select_build_failed=False, packages_skip_build_finished=False, packages_select_test_failures=False, packages_skip_test_passed=False, packages_select=['role1'], packages_skip=None, packages_select_regex=None, packages_skip_regex=None, packages_start=None, packages_end=None, allow_overriding=[], cmake_args=None, cmake_target=None, cmake_target_skip_unavailable=False, cmake_clean_cache=False, cmake_clean_first=False, cmake_force_configure=False, ament_cmake_args=None, catkin_cmake_args=None, catkin_skip_building_tests=False, verb_parser=<colcon_defaults.argument_parser.defaults.DefaultArgumentsDecorator object at 0x73583a616f80>, verb_extension=<colcon_core.verb.build.BuildVerb object at 0x73583a8fbb50>, main=<bound method BuildVerb.main of <colcon_core.verb.build.BuildVerb object at 0x73583a8fbb50>>)
[1.063s] Level 1:colcon.colcon_core.package_discovery:discover_packages(colcon_meta) check parameters
[1.064s] Level 1:colcon.colcon_core.package_discovery:discover_packages(recursive) check parameters
[1.064s] Level 1:colcon.colcon_core.package_discovery:discover_packages(ignore) check parameters
[1.064s] Level 1:colcon.colcon_core.package_discovery:discover_packages(path) check parameters
[1.064s] Level 1:colcon.colcon_core.package_discovery:discover_packages(colcon_meta) discover
[1.066s] Level 1:colcon.colcon_core.package_discovery:discover_packages(recursive) discover
[1.066s] INFO:colcon.colcon_core.package_discovery:Crawling recursively for packages in '/home/hhh/role'
[1.067s] Level 1:colcon.colcon_core.package_identification:_identify(.) by extensions ['ignore', 'ignore_ament_install']
[1.067s] Level 1:colcon.colcon_core.package_identification:_identify(.) by extension 'ignore'
[1.067s] Level 1:colcon.colcon_core.package_identification:_identify(.) by extension 'ignore_ament_install'
[1.068s] Level 1:colcon.colcon_core.package_identification:_identify(.) by extensions ['colcon_pkg']
[1.068s] Level 1:colcon.colcon_core.package_identification:_identify(.) by extension 'colcon_pkg'
[1.068s] Level 1:colcon.colcon_core.package_identification:_identify(.) by extensions ['colcon_meta']
[1.068s] Level 1:colcon.colcon_core.package_identification:_identify(.) by extension 'colcon_meta'
[1.068s] Level 1:colcon.colcon_core.package_identification:_identify(.) by extensions ['ros']
[1.068s] Level 1:colcon.colcon_core.package_identification:_identify(.) by extension 'ros'
[1.116s] Level 1:colcon.colcon_core.package_identification:_identify(.) by extensions ['cmake', 'python']
[1.117s] Level 1:colcon.colcon_core.package_identification:_identify(.) by extension 'cmake'
[1.117s] Level 1:colcon.colcon_core.package_identification:_identify(.) by extension 'python'
[1.117s] Level 1:colcon.colcon_core.package_identification:_identify(.) by extensions ['python_setup_py']
[1.117s] Level 1:colcon.colcon_core.package_identification:_identify(.) by extension 'python_setup_py'
[1.118s] Level 1:colcon.colcon_core.package_identification:_identify(build) by extensions ['ignore', 'ignore_ament_install']
[1.118s] Level 1:colcon.colcon_core.package_identification:_identify(build) by extension 'ignore'
[1.118s] Level 1:colcon.colcon_core.package_identification:_identify(build) ignored
[1.119s] Level 1:colcon.colcon_core.package_identification:_identify(install) by extensions ['ignore', 'ignore_ament_install']
[1.119s] Level 1:colcon.colcon_core.package_identification:_identify(install) by extension 'ignore'
[1.119s] Level 1:colcon.colcon_core.package_identification:_identify(install) ignored
[1.120s] Level 1:colcon.colcon_core.package_identification:_identify(log) by extensions ['ignore', 'ignore_ament_install']
[1.120s] Level 1:colcon.colcon_core.package_identification:_identify(log) by extension 'ignore'
[1.120s] Level 1:colcon.colcon_core.package_identification:_identify(log) ignored
[1.121s] Level 1:colcon.colcon_core.package_identification:_identify(src) by extensions ['ignore', 'ignore_ament_install']
[1.121s] Level 1:colcon.colcon_core.package_identification:_identify(src) by extension 'ignore'
[1.121s] Level 1:colcon.colcon_core.package_identification:_identify(src) by extension 'ignore_ament_install'
[1.121s] Level 1:colcon.colcon_core.package_identification:_identify(src) by extensions ['colcon_pkg']
[1.122s] Level 1:colcon.colcon_core.package_identification:_identify(src) by extension 'colcon_pkg'
[1.122s] Level 1:colcon.colcon_core.package_identification:_identify(src) by extensions ['colcon_meta']
[1.122s] Level 1:colcon.colcon_core.package_identification:_identify(src) by extension 'colcon_meta'
[1.122s] Level 1:colcon.colcon_core.package_identification:_identify(src) by extensions ['ros']
[1.123s] Level 1:colcon.colcon_core.package_identification:_identify(src) by extension 'ros'
[1.123s] Level 1:colcon.colcon_core.package_identification:_identify(src) by extensions ['cmake', 'python']
[1.123s] Level 1:colcon.colcon_core.package_identification:_identify(src) by extension 'cmake'
[1.123s] Level 1:colcon.colcon_core.package_identification:_identify(src) by extension 'python'
[1.123s] Level 1:colcon.colcon_core.package_identification:_identify(src) by extensions ['python_setup_py']
[1.124s] Level 1:colcon.colcon_core.package_identification:_identify(src) by extension 'python_setup_py'
[1.124s] Level 1:colcon.colcon_core.package_identification:_identify(src/role1) by extensions ['ignore', 'ignore_ament_install']
[1.125s] Level 1:colcon.colcon_core.package_identification:_identify(src/role1) by extension 'ignore'
[1.125s] Level 1:colcon.colcon_core.package_identification:_identify(src/role1) by extension 'ignore_ament_install'
[1.125s] Level 1:colcon.colcon_core.package_identification:_identify(src/role1) by extensions ['colcon_pkg']
[1.125s] Level 1:colcon.colcon_core.package_identification:_identify(src/role1) by extension 'colcon_pkg'
[1.126s] Level 1:colcon.colcon_core.package_identification:_identify(src/role1) by extensions ['colcon_meta']
[1.126s] Level 1:colcon.colcon_core.package_identification:_identify(src/role1) by extension 'colcon_meta'
[1.126s] Level 1:colcon.colcon_core.package_identification:_identify(src/role1) by extensions ['ros']
[1.126s] Level 1:colcon.colcon_core.package_identification:_identify(src/role1) by extension 'ros'
[1.134s] DEBUG:colcon.colcon_core.package_identification:Package 'src/role1' with type 'ros.ament_cmake' and name 'role1'
[1.134s] Level 1:colcon.colcon_core.package_identification:_identify(src/role2) by extensions ['ignore', 'ignore_ament_install']
[1.135s] Level 1:colcon.colcon_core.package_identification:_identify(src/role2) by extension 'ignore'
[1.135s] Level 1:colcon.colcon_core.package_identification:_identify(src/role2) by extension 'ignore_ament_install'
[1.135s] Level 1:colcon.colcon_core.package_identification:_identify(src/role2) by extensions ['colcon_pkg']
[1.135s] Level 1:colcon.colcon_core.package_identification:_identify(src/role2) by extension 'colcon_pkg'
[1.136s] Level 1:colcon.colcon_core.package_identification:_identify(src/role2) by extensions ['colcon_meta']
[1.136s] Level 1:colcon.colcon_core.package_identification:_identify(src/role2) by extension 'colcon_meta'
[1.136s] Level 1:colcon.colcon_core.package_identification:_identify(src/role2) by extensions ['ros']
[1.136s] Level 1:colcon.colcon_core.package_identification:_identify(src/role2) by extension 'ros'
[1.138s] DEBUG:colcon.colcon_core.package_identification:Package 'src/role2' with type 'ros.ament_cmake' and name 'role2'
[1.138s] Level 1:colcon.colcon_core.package_discovery:discover_packages(recursive) using defaults
[1.139s] Level 1:colcon.colcon_core.package_discovery:discover_packages(ignore) discover
[1.139s] Level 1:colcon.colcon_core.package_discovery:discover_packages(ignore) using defaults
[1.139s] Level 1:colcon.colcon_core.package_discovery:discover_packages(path) discover
[1.139s] Level 1:colcon.colcon_core.package_discovery:discover_packages(path) using defaults
[1.226s] INFO:colcon.colcon_core.package_selection:Skipping not selected package 'role2' in 'src/role2'
[1.227s] Level 1:colcon.colcon_core.package_discovery:discover_packages(prefix_path) check parameters
[1.228s] Level 1:colcon.colcon_core.package_discovery:discover_packages(prefix_path) discover
[1.239s] DEBUG:colcon.colcon_installed_package_information.package_discovery:Found 270 installed packages in /opt/ros/humble
[1.248s] Level 1:colcon.colcon_core.package_discovery:discover_packages(prefix_path) using defaults
[1.435s] Level 5:colcon.colcon_core.verb:set package 'role1' build argument 'cmake_args' from command line to 'None'
[1.435s] Level 5:colcon.colcon_core.verb:set package 'role1' build argument 'cmake_target' from command line to 'None'
[1.435s] Level 5:colcon.colcon_core.verb:set package 'role1' build argument 'cmake_target_skip_unavailable' from command line to 'False'
[1.436s] Level 5:colcon.colcon_core.verb:set package 'role1' build argument 'cmake_clean_cache' from command line to 'False'
[1.436s] Level 5:colcon.colcon_core.verb:set package 'role1' build argument 'cmake_clean_first' from command line to 'False'
[1.436s] Level 5:colcon.colcon_core.verb:set package 'role1' build argument 'cmake_force_configure' from command line to 'False'
[1.436s] Level 5:colcon.colcon_core.verb:set package 'role1' build argument 'ament_cmake_args' from command line to 'None'
[1.436s] Level 5:colcon.colcon_core.verb:set package 'role1' build argument 'catkin_cmake_args' from command line to 'None'
[1.436s] Level 5:colcon.colcon_core.verb:set package 'role1' build argument 'catkin_skip_building_tests' from command line to 'False'
[1.436s] DEBUG:colcon.colcon_core.verb:Building package 'role1' with the following arguments: {'ament_cmake_args': None, 'build_base': '/home/hhh/role/build/role1', 'catkin_cmake_args': None, 'catkin_skip_building_tests': False, 'cmake_args': None, 'cmake_clean_cache': False, 'cmake_clean_first': False, 'cmake_force_configure': False, 'cmake_target': None, 'cmake_target_skip_unavailable': False, 'install_base': '/home/hhh/role/install/role1', 'merge_install': False, 'path': '/home/hhh/role/src/role1', 'symlink_install': False, 'test_result_base': None}
[1.437s] INFO:colcon.colcon_core.executor:Executing jobs using 'parallel' executor
[1.441s] DEBUG:colcon.colcon_parallel_executor.executor.parallel:run_until_complete
[1.442s] INFO:colcon.colcon_ros.task.ament_cmake.build:Building ROS package in '/home/hhh/role/src/role1' with build type 'ament_cmake'
[1.443s] INFO:colcon.colcon_cmake.task.cmake.build:Building CMake package in '/home/hhh/role/src/role1'
[1.452s] INFO:colcon.colcon_core.plugin_system:Skipping extension 'colcon_core.shell.bat': Not used on non-Windows systems
[1.453s] INFO:colcon.colcon_core.shell:Skip shell extension 'powershell' for command environment: Not usable outside of PowerShell
[1.453s] DEBUG:colcon.colcon_core.shell:Skip shell extension 'dsv' for command environment
[1.498s] DEBUG:colcon.colcon_core.event_handler.log_command:Invoking command in '/home/hhh/role/build/role1': CMAKE_PREFIX_PATH=/opt/ros/humble /usr/bin/cmake /home/hhh/role/src/role1 -DCMAKE_INSTALL_PREFIX=/home/hhh/role/install/role1
[6.690s] DEBUG:colcon.colcon_core.event_handler.log_command:Invoked command in '/home/hhh/role/build/role1' returned '0': CMAKE_PREFIX_PATH=/opt/ros/humble /usr/bin/cmake /home/hhh/role/src/role1 -DCMAKE_INSTALL_PREFIX=/home/hhh/role/install/role1
[6.704s] DEBUG:colcon.colcon_core.event_handler.log_command:Invoking command in '/home/hhh/role/build/role1': CMAKE_PREFIX_PATH=/opt/ros/humble /usr/bin/cmake --build /home/hhh/role/build/role1 -- -j8 -l8
[22.191s] DEBUG:colcon.colcon_core.event_handler.log_command:Invoked command in '/home/hhh/role/build/role1' returned '0': CMAKE_PREFIX_PATH=/opt/ros/humble /usr/bin/cmake --build /home/hhh/role/build/role1 -- -j8 -l8
[22.448s] DEBUG:colcon.colcon_core.event_handler.log_command:Invoking command in '/home/hhh/role/build/role1': CMAKE_PREFIX_PATH=/opt/ros/humble /usr/bin/cmake --install /home/hhh/role/build/role1
[22.522s] Level 1:colcon.colcon_core.environment:create_environment_scripts_only(role1)
[22.524s] DEBUG:colcon.colcon_core.event_handler.log_command:Invoked command in '/home/hhh/role/build/role1' returned '0': CMAKE_PREFIX_PATH=/opt/ros/humble /usr/bin/cmake --install /home/hhh/role/build/role1
[22.534s] Level 1:colcon.colcon_core.environment:checking '/home/hhh/role/install/role1' for CMake module files
[22.537s] Level 1:colcon.colcon_core.environment:checking '/home/hhh/role/install/role1' for CMake config files
[22.538s] Level 1:colcon.colcon_core.shell:create_environment_hook('role1', 'cmake_prefix_path')
[22.539s] INFO:colcon.colcon_core.shell:Creating environment hook '/home/hhh/role/install/role1/share/role1/hook/cmake_prefix_path.ps1'
[22.545s] INFO:colcon.colcon_core.shell:Creating environment descriptor '/home/hhh/role/install/role1/share/role1/hook/cmake_prefix_path.dsv'
[22.552s] INFO:colcon.colcon_core.shell:Creating environment hook '/home/hhh/role/install/role1/share/role1/hook/cmake_prefix_path.sh'
[22.558s] Level 1:colcon.colcon_core.environment:checking '/home/hhh/role/install/role1/lib'
[22.559s] Level 1:colcon.colcon_core.environment:checking '/home/hhh/role/install/role1/bin'
[22.559s] Level 1:colcon.colcon_core.environment:checking '/home/hhh/role/install/role1/lib/pkgconfig/role1.pc'
[22.560s] Level 1:colcon.colcon_core.environment:checking '/home/hhh/role/install/role1/lib/python3.10/site-packages'
[22.561s] Level 1:colcon.colcon_core.environment:checking '/home/hhh/role/install/role1/bin'
[22.562s] INFO:colcon.colcon_core.shell:Creating package script '/home/hhh/role/install/role1/share/role1/package.ps1'
[22.565s] INFO:colcon.colcon_core.shell:Creating package descriptor '/home/hhh/role/install/role1/share/role1/package.dsv'
[22.567s] INFO:colcon.colcon_core.shell:Creating package script '/home/hhh/role/install/role1/share/role1/package.sh'
[22.571s] INFO:colcon.colcon_core.shell:Creating package script '/home/hhh/role/install/role1/share/role1/package.bash'
[22.574s] INFO:colcon.colcon_core.shell:Creating package script '/home/hhh/role/install/role1/share/role1/package.zsh'
[22.577s] Level 1:colcon.colcon_core.environment:create_file_with_runtime_dependencies(/home/hhh/role/install/role1/share/colcon-core/packages/role1)
[22.780s] Level 1:colcon.colcon_core.environment:create_environment_scripts_only(role1)
[22.781s] Level 1:colcon.colcon_core.environment:checking '/home/hhh/role/install/role1' for CMake module files
[22.783s] Level 1:colcon.colcon_core.environment:checking '/home/hhh/role/install/role1' for CMake config files
[22.784s] Level 1:colcon.colcon_core.shell:create_environment_hook('role1', 'cmake_prefix_path')
[22.785s] INFO:colcon.colcon_core.shell:Creating environment hook '/home/hhh/role/install/role1/share/role1/hook/cmake_prefix_path.ps1'
[22.788s] INFO:colcon.colcon_core.shell:Creating environment descriptor '/home/hhh/role/install/role1/share/role1/hook/cmake_prefix_path.dsv'
[22.789s] INFO:colcon.colcon_core.shell:Creating environment hook '/home/hhh/role/install/role1/share/role1/hook/cmake_prefix_path.sh'
[22.791s] Level 1:colcon.colcon_core.environment:checking '/home/hhh/role/install/role1/lib'
[22.791s] Level 1:colcon.colcon_core.environment:checking '/home/hhh/role/install/role1/bin'
[22.791s] Level 1:colcon.colcon_core.environment:checking '/home/hhh/role/install/role1/lib/pkgconfig/role1.pc'
[22.792s] Level 1:colcon.colcon_core.environment:checking '/home/hhh/role/install/role1/lib/python3.10/site-packages'
[22.792s] Level 1:colcon.colcon_core.environment:checking '/home/hhh/role/install/role1/bin'
[22.793s] INFO:colcon.colcon_core.shell:Creating package script '/home/hhh/role/install/role1/share/role1/package.ps1'
[22.796s] INFO:colcon.colcon_core.shell:Creating package descriptor '/home/hhh/role/install/role1/share/role1/package.dsv'
[22.798s] INFO:colcon.colcon_core.shell:Creating package script '/home/hhh/role/install/role1/share/role1/package.sh'
[22.801s] INFO:colcon.colcon_core.shell:Creating package script '/home/hhh/role/install/role1/share/role1/package.bash'
[22.803s] INFO:colcon.colcon_core.shell:Creating package script '/home/hhh/role/install/role1/share/role1/package.zsh'
[22.805s] Level 1:colcon.colcon_core.environment:create_file_with_runtime_dependencies(/home/hhh/role/install/role1/share/colcon-core/packages/role1)
[22.807s] DEBUG:colcon.colcon_parallel_executor.executor.parallel:closing loop
[22.809s] DEBUG:colcon.colcon_parallel_executor.executor.parallel:loop closed
[22.810s] DEBUG:colcon.colcon_parallel_executor.executor.parallel:run_until_complete finished with '0'
[22.810s] DEBUG:colcon.colcon_core.event_reactor:joining thread
[22.831s] INFO:colcon.colcon_core.plugin_system:Skipping extension 'colcon_notification.desktop_notification.terminal_notifier': Not used on non-Darwin systems
[22.832s] INFO:colcon.colcon_core.plugin_system:Skipping extension 'colcon_notification.desktop_notification.win32': Not used on non-Windows systems
[22.832s] INFO:colcon.colcon_notification.desktop_notification:Sending desktop notification using 'notify2'
[22.893s] DEBUG:colcon.colcon_core.event_reactor:joined thread
[22.894s] INFO:colcon.colcon_core.shell:Creating prefix script '/home/hhh/role/install/local_setup.ps1'
[22.899s] INFO:colcon.colcon_core.shell:Creating prefix util module '/home/hhh/role/install/_local_setup_util_ps1.py'
[22.906s] INFO:colcon.colcon_core.shell:Creating prefix chain script '/home/hhh/role/install/setup.ps1'
[22.910s] INFO:colcon.colcon_core.shell:Creating prefix script '/home/hhh/role/install/local_setup.sh'
[22.916s] INFO:colcon.colcon_core.shell:Creating prefix util module '/home/hhh/role/install/_local_setup_util_sh.py'
[22.920s] INFO:colcon.colcon_core.shell:Creating prefix chain script '/home/hhh/role/install/setup.sh'
[22.925s] INFO:colcon.colcon_core.shell:Creating prefix script '/home/hhh/role/install/local_setup.bash'
[22.927s] INFO:colcon.colcon_core.shell:Creating prefix chain script '/home/hhh/role/install/setup.bash'
[22.931s] INFO:colcon.colcon_core.shell:Creating prefix script '/home/hhh/role/install/local_setup.zsh'
[22.932s] INFO:colcon.colcon_core.shell:Creating prefix chain script '/home/hhh/role/install/setup.zsh'
