[35m[1mConsolidate compiler generated dependencies of target role1_node[0m
[ 50%] [32mBuilding CXX object CMakeFiles/role1_node.dir/src/role1.cpp.o[0m
[100%] [32m[1mLinking CXX executable role1_node[0m
[100%] Built target role1_node
-- Install configuration: ""
-- Up-to-date: /home/hhh/role/install/role1/share/ament_index/resource_index/package_run_dependencies/role1
-- Up-to-date: /home/hhh/role/install/role1/share/ament_index/resource_index/parent_prefix_path/role1
-- Up-to-date: /home/hhh/role/install/role1/share/role1/environment/ament_prefix_path.sh
-- Up-to-date: /home/hhh/role/install/role1/share/role1/environment/ament_prefix_path.dsv
-- Up-to-date: /home/hhh/role/install/role1/share/role1/environment/path.sh
-- Up-to-date: /home/hhh/role/install/role1/share/role1/environment/path.dsv
-- Up-to-date: /home/hhh/role/install/role1/share/role1/local_setup.bash
-- Up-to-date: /home/hhh/role/install/role1/share/role1/local_setup.sh
-- Up-to-date: /home/hhh/role/install/role1/share/role1/local_setup.zsh
-- Up-to-date: /home/hhh/role/install/role1/share/role1/local_setup.dsv
-- Installing: /home/hhh/role/install/role1/share/role1/package.dsv
-- Up-to-date: /home/hhh/role/install/role1/share/ament_index/resource_index/packages/role1
-- Up-to-date: /home/hhh/role/install/role1/share/role1/cmake/role1Config.cmake
-- Up-to-date: /home/hhh/role/install/role1/share/role1/cmake/role1Config-version.cmake
-- Up-to-date: /home/hhh/role/install/role1/share/role1/package.xml
-- Installing: /home/hhh/role/install/role1/lib/role1/role1_node
-- Set runtime path of "/home/hhh/role/install/role1/lib/role1/role1_node" to ""
