[0.105s] Invoking command in '/home/hhh/role/build/role2': CMAKE_PREFIX_PATH=${CMAKE_PREFIX_PATH}:/opt/ros/humble /usr/bin/cmake --build /home/hhh/role/build/role2 -- -j8 -l8
[0.266s] -- Found ament_cmake: 1.3.10 (/opt/ros/humble/share/ament_cmake/cmake)
[0.927s] -- Found rclcpp: 16.0.10 (/opt/ros/humble/share/rclcpp/cmake)
[1.105s] -- Found rosidl_generator_c: 3.1.5 (/opt/ros/humble/share/rosidl_generator_c/cmake)
[1.124s] -- Found rosidl_adapter: 3.1.5 (/opt/ros/humble/share/rosidl_adapter/cmake)
[1.172s] -- Found rosidl_generator_cpp: 3.1.5 (/opt/ros/humble/share/rosidl_generator_cpp/cmake)
[1.229s] -- Using all available rosidl_typesupport_c: rosidl_typesupport_fastrtps_c;rosidl_typesupport_introspection_c
[1.323s] -- Using all available rosidl_typesupport_cpp: rosidl_typesupport_fastrtps_cpp;rosidl_typesupport_introspection_cpp
[1.539s] -- Found rmw_implementation_cmake: 6.1.2 (/opt/ros/humble/share/rmw_implementation_cmake/cmake)
[1.551s] -- Found rmw_fastrtps_cpp: 6.2.7 (/opt/ros/humble/share/rmw_fastrtps_cpp/cmake)
[1.979s] -- Using RMW implementation 'rmw_fastrtps_cpp' as default
[2.263s] -- Found geometry_msgs: 4.2.4 (/opt/ros/humble/share/geometry_msgs/cmake)
[2.329s] -- Found ament_lint_auto: 0.12.11 (/opt/ros/humble/share/ament_lint_auto/cmake)
[2.655s] -- Added test 'cppcheck' to perform static code analysis on C / C++ code
[2.657s] -- Configured cppcheck include dirs: 
[2.657s] -- Configured cppcheck exclude dirs and/or files: 
[2.661s] -- Added test 'lint_cmake' to check CMake code style
[2.667s] -- Added test 'uncrustify' to check C / C++ code style
[2.667s] -- Configured uncrustify additional arguments: 
[2.669s] -- Added test 'xmllint' to check XML markup files
[2.685s] -- Configuring done
[2.781s] -- Generating done
[2.792s] -- Build files have been written to: /home/hhh/role/build/role2
[2.925s] [35m[1mConsolidate compiler generated dependencies of target role2_node[0m
[3.014s] [ 50%] [32mBuilding CXX object CMakeFiles/role2_node.dir/src/role2.cpp.o[0m
[34.743s] [100%] [32m[1mLinking CXX executable role2_node[0m
[36.612s] [100%] Built target role2_node
[36.658s] Invoked command in '/home/hhh/role/build/role2' returned '0': CMAKE_PREFIX_PATH=${CMAKE_PREFIX_PATH}:/opt/ros/humble /usr/bin/cmake --build /home/hhh/role/build/role2 -- -j8 -l8
[36.889s] Invoking command in '/home/hhh/role/build/role2': CMAKE_PREFIX_PATH=${CMAKE_PREFIX_PATH}:/opt/ros/humble /usr/bin/cmake --install /home/hhh/role/build/role2
[36.929s] -- Install configuration: ""
[36.930s] -- Up-to-date: /home/hhh/role/install/role2/share/ament_index/resource_index/package_run_dependencies/role2
[36.930s] -- Installing: /home/hhh/role/install/role2/share/ament_index/resource_index/parent_prefix_path/role2
[36.930s] -- Up-to-date: /home/hhh/role/install/role2/share/role2/environment/ament_prefix_path.sh
[36.931s] -- Installing: /home/hhh/role/install/role2/share/role2/environment/ament_prefix_path.dsv
[36.932s] -- Up-to-date: /home/hhh/role/install/role2/share/role2/environment/path.sh
[36.932s] -- Installing: /home/hhh/role/install/role2/share/role2/environment/path.dsv
[36.932s] -- Up-to-date: /home/hhh/role/install/role2/share/role2/local_setup.bash
[36.933s] -- Up-to-date: /home/hhh/role/install/role2/share/role2/local_setup.sh
[36.934s] -- Up-to-date: /home/hhh/role/install/role2/share/role2/local_setup.zsh
[36.934s] -- Installing: /home/hhh/role/install/role2/share/role2/local_setup.dsv
[36.935s] -- Installing: /home/hhh/role/install/role2/share/role2/package.dsv
[36.936s] -- Up-to-date: /home/hhh/role/install/role2/share/ament_index/resource_index/packages/role2
[36.936s] -- Up-to-date: /home/hhh/role/install/role2/share/role2/cmake/role2Config.cmake
[36.937s] -- Up-to-date: /home/hhh/role/install/role2/share/role2/cmake/role2Config-version.cmake
[36.937s] -- Up-to-date: /home/hhh/role/install/role2/share/role2/package.xml
[36.937s] -- Installing: /home/hhh/role/install/role2/lib/role2/role2_node
[36.969s] -- Set runtime path of "/home/hhh/role/install/role2/lib/role2/role2_node" to ""
[36.978s] Invoked command in '/home/hhh/role/build/role2' returned '0': CMAKE_PREFIX_PATH=${CMAKE_PREFIX_PATH}:/opt/ros/humble /usr/bin/cmake --install /home/hhh/role/build/role2
