[0.082s] Invoking command in '/home/hhh/role/build/role1': CMAKE_PREFIX_PATH=/opt/ros/humble /usr/bin/cmake --build /home/hhh/role/build/role1 -- -j8 -l8
[0.735s] [100%] Built target role1_node
[0.797s] Invoked command in '/home/hhh/role/build/role1' returned '0': CMAKE_PREFIX_PATH=/opt/ros/humble /usr/bin/cmake --build /home/hhh/role/build/role1 -- -j8 -l8
[1.040s] Invoking command in '/home/hhh/role/build/role1': CMAKE_PREFIX_PATH=/opt/ros/humble /usr/bin/cmake --install /home/hhh/role/build/role1
[1.093s] -- Install configuration: ""
[1.094s] -- Up-to-date: /home/hhh/role/install/role1/share/ament_index/resource_index/package_run_dependencies/role1
[1.094s] -- Up-to-date: /home/hhh/role/install/role1/share/ament_index/resource_index/parent_prefix_path/role1
[1.094s] -- Up-to-date: /home/hhh/role/install/role1/share/role1/environment/ament_prefix_path.sh
[1.094s] -- Up-to-date: /home/hhh/role/install/role1/share/role1/environment/ament_prefix_path.dsv
[1.095s] -- Up-to-date: /home/hhh/role/install/role1/share/role1/environment/path.sh
[1.095s] -- Up-to-date: /home/hhh/role/install/role1/share/role1/environment/path.dsv
[1.097s] -- Up-to-date: /home/hhh/role/install/role1/share/role1/local_setup.bash
[1.097s] -- Up-to-date: /home/hhh/role/install/role1/share/role1/local_setup.sh
[1.098s] -- Up-to-date: /home/hhh/role/install/role1/share/role1/local_setup.zsh
[1.099s] -- Up-to-date: /home/hhh/role/install/role1/share/role1/local_setup.dsv
[1.099s] -- Installing: /home/hhh/role/install/role1/share/role1/package.dsv
[1.100s] -- Up-to-date: /home/hhh/role/install/role1/share/ament_index/resource_index/packages/role1
[1.100s] -- Up-to-date: /home/hhh/role/install/role1/share/role1/cmake/role1Config.cmake
[1.100s] -- Up-to-date: /home/hhh/role/install/role1/share/role1/cmake/role1Config-version.cmake
[1.101s] -- Up-to-date: /home/hhh/role/install/role1/share/role1/package.xml
[1.112s] -- Up-to-date: /home/hhh/role/install/role1/lib/role1/role1_node
[1.119s] Invoked command in '/home/hhh/role/build/role1' returned '0': CMAKE_PREFIX_PATH=/opt/ros/humble /usr/bin/cmake --install /home/hhh/role/build/role1
