[0.654s] DEBUG:colcon:Command line arguments: ['/usr/bin/colcon', 'build', '--packages-select', 'role2']
[0.655s] DEBUG:colcon:Parsed command line arguments: Namespace(log_base=None, log_level=None, verb_name='build', build_base='build', install_base='install', merge_install=False, symlink_install=False, test_result_base=None, continue_on_error=False, executor='parallel', parallel_workers=8, event_handlers=None, ignore_user_meta=False, metas=['./colcon.meta'], base_paths=['.'], packages_ignore=None, packages_ignore_regex=None, paths=None, packages_up_to=None, packages_up_to_regex=None, packages_above=None, packages_above_and_dependencies=None, packages_above_depth=None, packages_select_by_dep=None, packages_skip_by_dep=None, packages_skip_up_to=None, packages_select_build_failed=False, packages_skip_build_finished=False, packages_select_test_failures=False, packages_skip_test_passed=False, packages_select=['role2'], packages_skip=None, packages_select_regex=None, packages_skip_regex=None, packages_start=None, packages_end=None, allow_overriding=[], cmake_args=None, cmake_target=None, cmake_target_skip_unavailable=False, cmake_clean_cache=False, cmake_clean_first=False, cmake_force_configure=False, ament_cmake_args=None, catkin_cmake_args=None, catkin_skip_building_tests=False, verb_parser=<colcon_defaults.argument_parser.defaults.DefaultArgumentsDecorator object at 0x763de0803490>, verb_extension=<colcon_core.verb.build.BuildVerb object at 0x763de09480a0>, main=<bound method BuildVerb.main of <colcon_core.verb.build.BuildVerb object at 0x763de09480a0>>)
[1.953s] Level 1:colcon.colcon_core.package_discovery:discover_packages(colcon_meta) check parameters
[1.954s] Level 1:colcon.colcon_core.package_discovery:discover_packages(recursive) check parameters
[1.954s] Level 1:colcon.colcon_core.package_discovery:discover_packages(ignore) check parameters
[1.954s] Level 1:colcon.colcon_core.package_discovery:discover_packages(path) check parameters
[1.954s] Level 1:colcon.colcon_core.package_discovery:discover_packages(colcon_meta) discover
[1.954s] Level 1:colcon.colcon_core.package_discovery:discover_packages(recursive) discover
[1.954s] INFO:colcon.colcon_core.package_discovery:Crawling recursively for packages in '/home/hhh/role'
[1.955s] Level 1:colcon.colcon_core.package_identification:_identify(.) by extensions ['ignore', 'ignore_ament_install']
[1.955s] Level 1:colcon.colcon_core.package_identification:_identify(.) by extension 'ignore'
[1.955s] Level 1:colcon.colcon_core.package_identification:_identify(.) by extension 'ignore_ament_install'
[1.956s] Level 1:colcon.colcon_core.package_identification:_identify(.) by extensions ['colcon_pkg']
[1.956s] Level 1:colcon.colcon_core.package_identification:_identify(.) by extension 'colcon_pkg'
[1.956s] Level 1:colcon.colcon_core.package_identification:_identify(.) by extensions ['colcon_meta']
[1.956s] Level 1:colcon.colcon_core.package_identification:_identify(.) by extension 'colcon_meta'
[1.956s] Level 1:colcon.colcon_core.package_identification:_identify(.) by extensions ['ros']
[1.957s] Level 1:colcon.colcon_core.package_identification:_identify(.) by extension 'ros'
[2.012s] Level 1:colcon.colcon_core.package_identification:_identify(.) by extensions ['cmake', 'python']
[2.014s] Level 1:colcon.colcon_core.package_identification:_identify(.) by extension 'cmake'
[2.021s] Level 1:colcon.colcon_core.package_identification:_identify(.) by extension 'python'
[2.022s] Level 1:colcon.colcon_core.package_identification:_identify(.) by extensions ['python_setup_py']
[2.023s] Level 1:colcon.colcon_core.package_identification:_identify(.) by extension 'python_setup_py'
[2.024s] Level 1:colcon.colcon_core.package_identification:_identify(build) by extensions ['ignore', 'ignore_ament_install']
[2.025s] Level 1:colcon.colcon_core.package_identification:_identify(build) by extension 'ignore'
[2.025s] Level 1:colcon.colcon_core.package_identification:_identify(build) ignored
[2.026s] Level 1:colcon.colcon_core.package_identification:_identify(install) by extensions ['ignore', 'ignore_ament_install']
[2.027s] Level 1:colcon.colcon_core.package_identification:_identify(install) by extension 'ignore'
[2.027s] Level 1:colcon.colcon_core.package_identification:_identify(install) ignored
[2.027s] Level 1:colcon.colcon_core.package_identification:_identify(log) by extensions ['ignore', 'ignore_ament_install']
[2.028s] Level 1:colcon.colcon_core.package_identification:_identify(log) by extension 'ignore'
[2.028s] Level 1:colcon.colcon_core.package_identification:_identify(log) ignored
[2.028s] Level 1:colcon.colcon_core.package_identification:_identify(src) by extensions ['ignore', 'ignore_ament_install']
[2.029s] Level 1:colcon.colcon_core.package_identification:_identify(src) by extension 'ignore'
[2.029s] Level 1:colcon.colcon_core.package_identification:_identify(src) by extension 'ignore_ament_install'
[2.029s] Level 1:colcon.colcon_core.package_identification:_identify(src) by extensions ['colcon_pkg']
[2.029s] Level 1:colcon.colcon_core.package_identification:_identify(src) by extension 'colcon_pkg'
[2.030s] Level 1:colcon.colcon_core.package_identification:_identify(src) by extensions ['colcon_meta']
[2.030s] Level 1:colcon.colcon_core.package_identification:_identify(src) by extension 'colcon_meta'
[2.030s] Level 1:colcon.colcon_core.package_identification:_identify(src) by extensions ['ros']
[2.030s] Level 1:colcon.colcon_core.package_identification:_identify(src) by extension 'ros'
[2.031s] Level 1:colcon.colcon_core.package_identification:_identify(src) by extensions ['cmake', 'python']
[2.031s] Level 1:colcon.colcon_core.package_identification:_identify(src) by extension 'cmake'
[2.032s] Level 1:colcon.colcon_core.package_identification:_identify(src) by extension 'python'
[2.032s] Level 1:colcon.colcon_core.package_identification:_identify(src) by extensions ['python_setup_py']
[2.032s] Level 1:colcon.colcon_core.package_identification:_identify(src) by extension 'python_setup_py'
[2.033s] Level 1:colcon.colcon_core.package_identification:_identify(src/role1) by extensions ['ignore', 'ignore_ament_install']
[2.033s] Level 1:colcon.colcon_core.package_identification:_identify(src/role1) by extension 'ignore'
[2.033s] Level 1:colcon.colcon_core.package_identification:_identify(src/role1) by extension 'ignore_ament_install'
[2.034s] Level 1:colcon.colcon_core.package_identification:_identify(src/role1) by extensions ['colcon_pkg']
[2.034s] Level 1:colcon.colcon_core.package_identification:_identify(src/role1) by extension 'colcon_pkg'
[2.034s] Level 1:colcon.colcon_core.package_identification:_identify(src/role1) by extensions ['colcon_meta']
[2.034s] Level 1:colcon.colcon_core.package_identification:_identify(src/role1) by extension 'colcon_meta'
[2.034s] Level 1:colcon.colcon_core.package_identification:_identify(src/role1) by extensions ['ros']
[2.034s] Level 1:colcon.colcon_core.package_identification:_identify(src/role1) by extension 'ros'
[2.053s] DEBUG:colcon.colcon_core.package_identification:Package 'src/role1' with type 'ros.ament_cmake' and name 'role1'
[2.054s] Level 1:colcon.colcon_core.package_identification:_identify(src/role2) by extensions ['ignore', 'ignore_ament_install']
[2.055s] Level 1:colcon.colcon_core.package_identification:_identify(src/role2) by extension 'ignore'
[2.055s] Level 1:colcon.colcon_core.package_identification:_identify(src/role2) by extension 'ignore_ament_install'
[2.055s] Level 1:colcon.colcon_core.package_identification:_identify(src/role2) by extensions ['colcon_pkg']
[2.056s] Level 1:colcon.colcon_core.package_identification:_identify(src/role2) by extension 'colcon_pkg'
[2.056s] Level 1:colcon.colcon_core.package_identification:_identify(src/role2) by extensions ['colcon_meta']
[2.056s] Level 1:colcon.colcon_core.package_identification:_identify(src/role2) by extension 'colcon_meta'
[2.056s] Level 1:colcon.colcon_core.package_identification:_identify(src/role2) by extensions ['ros']
[2.056s] Level 1:colcon.colcon_core.package_identification:_identify(src/role2) by extension 'ros'
[2.060s] DEBUG:colcon.colcon_core.package_identification:Package 'src/role2' with type 'ros.ament_cmake' and name 'role2'
[2.061s] Level 1:colcon.colcon_core.package_discovery:discover_packages(recursive) using defaults
[2.061s] Level 1:colcon.colcon_core.package_discovery:discover_packages(ignore) discover
[2.062s] Level 1:colcon.colcon_core.package_discovery:discover_packages(ignore) using defaults
[2.062s] Level 1:colcon.colcon_core.package_discovery:discover_packages(path) discover
[2.062s] Level 1:colcon.colcon_core.package_discovery:discover_packages(path) using defaults
[2.150s] INFO:colcon.colcon_core.package_selection:Skipping not selected package 'role1' in 'src/role1'
[2.153s] Level 1:colcon.colcon_core.package_discovery:discover_packages(prefix_path) check parameters
[2.153s] Level 1:colcon.colcon_core.package_discovery:discover_packages(prefix_path) discover
[2.166s] DEBUG:colcon.colcon_installed_package_information.package_discovery:Found 2 installed packages in /home/hhh/role/install
[2.172s] DEBUG:colcon.colcon_installed_package_information.package_discovery:Found 270 installed packages in /opt/ros/humble
[2.176s] Level 1:colcon.colcon_core.package_discovery:discover_packages(prefix_path) using defaults
[2.533s] Level 5:colcon.colcon_core.verb:set package 'role2' build argument 'cmake_args' from command line to 'None'
[2.533s] Level 5:colcon.colcon_core.verb:set package 'role2' build argument 'cmake_target' from command line to 'None'
[2.533s] Level 5:colcon.colcon_core.verb:set package 'role2' build argument 'cmake_target_skip_unavailable' from command line to 'False'
[2.533s] Level 5:colcon.colcon_core.verb:set package 'role2' build argument 'cmake_clean_cache' from command line to 'False'
[2.534s] Level 5:colcon.colcon_core.verb:set package 'role2' build argument 'cmake_clean_first' from command line to 'False'
[2.534s] Level 5:colcon.colcon_core.verb:set package 'role2' build argument 'cmake_force_configure' from command line to 'False'
[2.534s] Level 5:colcon.colcon_core.verb:set package 'role2' build argument 'ament_cmake_args' from command line to 'None'
[2.534s] Level 5:colcon.colcon_core.verb:set package 'role2' build argument 'catkin_cmake_args' from command line to 'None'
[2.534s] Level 5:colcon.colcon_core.verb:set package 'role2' build argument 'catkin_skip_building_tests' from command line to 'False'
[2.534s] DEBUG:colcon.colcon_core.verb:Building package 'role2' with the following arguments: {'ament_cmake_args': None, 'build_base': '/home/hhh/role/build/role2', 'catkin_cmake_args': None, 'catkin_skip_building_tests': False, 'cmake_args': None, 'cmake_clean_cache': False, 'cmake_clean_first': False, 'cmake_force_configure': False, 'cmake_target': None, 'cmake_target_skip_unavailable': False, 'install_base': '/home/hhh/role/install/role2', 'merge_install': False, 'path': '/home/hhh/role/src/role2', 'symlink_install': False, 'test_result_base': None}
[2.535s] INFO:colcon.colcon_core.executor:Executing jobs using 'parallel' executor
[2.539s] DEBUG:colcon.colcon_parallel_executor.executor.parallel:run_until_complete
[2.541s] INFO:colcon.colcon_ros.task.ament_cmake.build:Building ROS package in '/home/hhh/role/src/role2' with build type 'ament_cmake'
[2.541s] INFO:colcon.colcon_cmake.task.cmake.build:Building CMake package in '/home/hhh/role/src/role2'
[2.575s] INFO:colcon.colcon_core.plugin_system:Skipping extension 'colcon_core.shell.bat': Not used on non-Windows systems
[2.576s] INFO:colcon.colcon_core.shell:Skip shell extension 'powershell' for command environment: Not usable outside of PowerShell
[2.576s] DEBUG:colcon.colcon_core.shell:Skip shell extension 'dsv' for command environment
[2.651s] DEBUG:colcon.colcon_core.event_handler.log_command:Invoking command in '/home/hhh/role/build/role2': CMAKE_PREFIX_PATH=${CMAKE_PREFIX_PATH}:/opt/ros/humble /usr/bin/cmake --build /home/hhh/role/build/role2 -- -j8 -l8
[39.205s] DEBUG:colcon.colcon_core.event_handler.log_command:Invoked command in '/home/hhh/role/build/role2' returned '0': CMAKE_PREFIX_PATH=${CMAKE_PREFIX_PATH}:/opt/ros/humble /usr/bin/cmake --build /home/hhh/role/build/role2 -- -j8 -l8
[39.435s] DEBUG:colcon.colcon_core.event_handler.log_command:Invoking command in '/home/hhh/role/build/role2': CMAKE_PREFIX_PATH=${CMAKE_PREFIX_PATH}:/opt/ros/humble /usr/bin/cmake --install /home/hhh/role/build/role2
[39.522s] Level 1:colcon.colcon_core.environment:create_environment_scripts_only(role2)
[39.526s] DEBUG:colcon.colcon_core.event_handler.log_command:Invoked command in '/home/hhh/role/build/role2' returned '0': CMAKE_PREFIX_PATH=${CMAKE_PREFIX_PATH}:/opt/ros/humble /usr/bin/cmake --install /home/hhh/role/build/role2
[39.573s] Level 1:colcon.colcon_core.environment:checking '/home/hhh/role/install/role2' for CMake module files
[39.575s] Level 1:colcon.colcon_core.environment:checking '/home/hhh/role/install/role2' for CMake config files
[39.575s] Level 1:colcon.colcon_core.shell:create_environment_hook('role2', 'cmake_prefix_path')
[39.576s] INFO:colcon.colcon_core.shell:Creating environment hook '/home/hhh/role/install/role2/share/role2/hook/cmake_prefix_path.ps1'
[39.586s] INFO:colcon.colcon_core.shell:Creating environment descriptor '/home/hhh/role/install/role2/share/role2/hook/cmake_prefix_path.dsv'
[39.591s] INFO:colcon.colcon_core.shell:Creating environment hook '/home/hhh/role/install/role2/share/role2/hook/cmake_prefix_path.sh'
[39.596s] Level 1:colcon.colcon_core.environment:checking '/home/hhh/role/install/role2/lib'
[39.597s] Level 1:colcon.colcon_core.environment:checking '/home/hhh/role/install/role2/bin'
[39.597s] Level 1:colcon.colcon_core.environment:checking '/home/hhh/role/install/role2/lib/pkgconfig/role2.pc'
[39.598s] Level 1:colcon.colcon_core.environment:checking '/home/hhh/role/install/role2/lib/python3.10/site-packages'
[39.599s] Level 1:colcon.colcon_core.environment:checking '/home/hhh/role/install/role2/bin'
[39.600s] INFO:colcon.colcon_core.shell:Creating package script '/home/hhh/role/install/role2/share/role2/package.ps1'
[39.604s] INFO:colcon.colcon_core.shell:Creating package descriptor '/home/hhh/role/install/role2/share/role2/package.dsv'
[39.608s] INFO:colcon.colcon_core.shell:Creating package script '/home/hhh/role/install/role2/share/role2/package.sh'
[39.612s] INFO:colcon.colcon_core.shell:Creating package script '/home/hhh/role/install/role2/share/role2/package.bash'
[39.618s] INFO:colcon.colcon_core.shell:Creating package script '/home/hhh/role/install/role2/share/role2/package.zsh'
[39.623s] Level 1:colcon.colcon_core.environment:create_file_with_runtime_dependencies(/home/hhh/role/install/role2/share/colcon-core/packages/role2)
[39.806s] Level 1:colcon.colcon_core.environment:create_environment_scripts_only(role2)
[39.807s] Level 1:colcon.colcon_core.environment:checking '/home/hhh/role/install/role2' for CMake module files
[39.809s] Level 1:colcon.colcon_core.environment:checking '/home/hhh/role/install/role2' for CMake config files
[39.810s] Level 1:colcon.colcon_core.shell:create_environment_hook('role2', 'cmake_prefix_path')
[39.811s] INFO:colcon.colcon_core.shell:Creating environment hook '/home/hhh/role/install/role2/share/role2/hook/cmake_prefix_path.ps1'
[39.813s] INFO:colcon.colcon_core.shell:Creating environment descriptor '/home/hhh/role/install/role2/share/role2/hook/cmake_prefix_path.dsv'
[39.816s] INFO:colcon.colcon_core.shell:Creating environment hook '/home/hhh/role/install/role2/share/role2/hook/cmake_prefix_path.sh'
[39.818s] Level 1:colcon.colcon_core.environment:checking '/home/hhh/role/install/role2/lib'
[39.819s] Level 1:colcon.colcon_core.environment:checking '/home/hhh/role/install/role2/bin'
[39.820s] Level 1:colcon.colcon_core.environment:checking '/home/hhh/role/install/role2/lib/pkgconfig/role2.pc'
[39.821s] Level 1:colcon.colcon_core.environment:checking '/home/hhh/role/install/role2/lib/python3.10/site-packages'
[39.822s] Level 1:colcon.colcon_core.environment:checking '/home/hhh/role/install/role2/bin'
[39.823s] INFO:colcon.colcon_core.shell:Creating package script '/home/hhh/role/install/role2/share/role2/package.ps1'
[39.827s] INFO:colcon.colcon_core.shell:Creating package descriptor '/home/hhh/role/install/role2/share/role2/package.dsv'
[39.830s] INFO:colcon.colcon_core.shell:Creating package script '/home/hhh/role/install/role2/share/role2/package.sh'
[39.833s] INFO:colcon.colcon_core.shell:Creating package script '/home/hhh/role/install/role2/share/role2/package.bash'
[39.835s] INFO:colcon.colcon_core.shell:Creating package script '/home/hhh/role/install/role2/share/role2/package.zsh'
[39.837s] Level 1:colcon.colcon_core.environment:create_file_with_runtime_dependencies(/home/hhh/role/install/role2/share/colcon-core/packages/role2)
[39.839s] DEBUG:colcon.colcon_parallel_executor.executor.parallel:closing loop
[39.840s] DEBUG:colcon.colcon_parallel_executor.executor.parallel:loop closed
[39.840s] DEBUG:colcon.colcon_parallel_executor.executor.parallel:run_until_complete finished with '0'
[39.840s] DEBUG:colcon.colcon_core.event_reactor:joining thread
[39.890s] INFO:colcon.colcon_core.plugin_system:Skipping extension 'colcon_notification.desktop_notification.terminal_notifier': Not used on non-Darwin systems
[39.891s] INFO:colcon.colcon_core.plugin_system:Skipping extension 'colcon_notification.desktop_notification.win32': Not used on non-Windows systems
[39.891s] INFO:colcon.colcon_notification.desktop_notification:Sending desktop notification using 'notify2'
[40.333s] DEBUG:colcon.colcon_core.event_reactor:joined thread
[40.334s] INFO:colcon.colcon_core.shell:Creating prefix script '/home/hhh/role/install/local_setup.ps1'
[40.338s] INFO:colcon.colcon_core.shell:Creating prefix util module '/home/hhh/role/install/_local_setup_util_ps1.py'
[40.344s] INFO:colcon.colcon_core.shell:Creating prefix chain script '/home/hhh/role/install/setup.ps1'
[40.349s] INFO:colcon.colcon_core.shell:Creating prefix script '/home/hhh/role/install/local_setup.sh'
[40.352s] INFO:colcon.colcon_core.shell:Creating prefix util module '/home/hhh/role/install/_local_setup_util_sh.py'
[40.354s] INFO:colcon.colcon_core.shell:Creating prefix chain script '/home/hhh/role/install/setup.sh'
[40.360s] INFO:colcon.colcon_core.shell:Creating prefix script '/home/hhh/role/install/local_setup.bash'
[40.363s] INFO:colcon.colcon_core.shell:Creating prefix chain script '/home/hhh/role/install/setup.bash'
[40.368s] INFO:colcon.colcon_core.shell:Creating prefix script '/home/hhh/role/install/local_setup.zsh'
[40.372s] INFO:colcon.colcon_core.shell:Creating prefix chain script '/home/hhh/role/install/setup.zsh'
