[1.912s] DEBUG:colcon:Command line arguments: ['/usr/bin/colcon', 'build', '--packages-select', 'role1']
[1.913s] DEBUG:colcon:Parsed command line arguments: Namespace(log_base=None, log_level=None, verb_name='build', build_base='build', install_base='install', merge_install=False, symlink_install=False, test_result_base=None, continue_on_error=False, executor='parallel', parallel_workers=8, event_handlers=None, ignore_user_meta=False, metas=['./colcon.meta'], base_paths=['.'], packages_ignore=None, packages_ignore_regex=None, paths=None, packages_up_to=None, packages_up_to_regex=None, packages_above=None, packages_above_and_dependencies=None, packages_above_depth=None, packages_select_by_dep=None, packages_skip_by_dep=None, packages_skip_up_to=None, packages_select_build_failed=False, packages_skip_build_finished=False, packages_select_test_failures=False, packages_skip_test_passed=False, packages_select=['role1'], packages_skip=None, packages_select_regex=None, packages_skip_regex=None, packages_start=None, packages_end=None, allow_overriding=[], cmake_args=None, cmake_target=None, cmake_target_skip_unavailable=False, cmake_clean_cache=False, cmake_clean_first=False, cmake_force_configure=False, ament_cmake_args=None, catkin_cmake_args=None, catkin_skip_building_tests=False, verb_parser=<colcon_defaults.argument_parser.defaults.DefaultArgumentsDecorator object at 0x706491be74c0>, verb_extension=<colcon_core.verb.build.BuildVerb object at 0x706491d280d0>, main=<bound method BuildVerb.main of <colcon_core.verb.build.BuildVerb object at 0x706491d280d0>>)
[3.350s] Level 1:colcon.colcon_core.package_discovery:discover_packages(colcon_meta) check parameters
[3.351s] Level 1:colcon.colcon_core.package_discovery:discover_packages(recursive) check parameters
[3.351s] Level 1:colcon.colcon_core.package_discovery:discover_packages(ignore) check parameters
[3.352s] Level 1:colcon.colcon_core.package_discovery:discover_packages(path) check parameters
[3.352s] Level 1:colcon.colcon_core.package_discovery:discover_packages(colcon_meta) discover
[3.352s] Level 1:colcon.colcon_core.package_discovery:discover_packages(recursive) discover
[3.352s] INFO:colcon.colcon_core.package_discovery:Crawling recursively for packages in '/home/hhh/role'
[3.353s] Level 1:colcon.colcon_core.package_identification:_identify(.) by extensions ['ignore', 'ignore_ament_install']
[3.353s] Level 1:colcon.colcon_core.package_identification:_identify(.) by extension 'ignore'
[3.354s] Level 1:colcon.colcon_core.package_identification:_identify(.) by extension 'ignore_ament_install'
[3.354s] Level 1:colcon.colcon_core.package_identification:_identify(.) by extensions ['colcon_pkg']
[3.354s] Level 1:colcon.colcon_core.package_identification:_identify(.) by extension 'colcon_pkg'
[3.354s] Level 1:colcon.colcon_core.package_identification:_identify(.) by extensions ['colcon_meta']
[3.355s] Level 1:colcon.colcon_core.package_identification:_identify(.) by extension 'colcon_meta'
[3.355s] Level 1:colcon.colcon_core.package_identification:_identify(.) by extensions ['ros']
[3.355s] Level 1:colcon.colcon_core.package_identification:_identify(.) by extension 'ros'
[3.482s] Level 1:colcon.colcon_core.package_identification:_identify(.) by extensions ['cmake', 'python']
[3.482s] Level 1:colcon.colcon_core.package_identification:_identify(.) by extension 'cmake'
[3.482s] Level 1:colcon.colcon_core.package_identification:_identify(.) by extension 'python'
[3.483s] Level 1:colcon.colcon_core.package_identification:_identify(.) by extensions ['python_setup_py']
[3.483s] Level 1:colcon.colcon_core.package_identification:_identify(.) by extension 'python_setup_py'
[3.484s] Level 1:colcon.colcon_core.package_identification:_identify(build) by extensions ['ignore', 'ignore_ament_install']
[3.484s] Level 1:colcon.colcon_core.package_identification:_identify(build) by extension 'ignore'
[3.484s] Level 1:colcon.colcon_core.package_identification:_identify(build) ignored
[3.485s] Level 1:colcon.colcon_core.package_identification:_identify(install) by extensions ['ignore', 'ignore_ament_install']
[3.486s] Level 1:colcon.colcon_core.package_identification:_identify(install) by extension 'ignore'
[3.486s] Level 1:colcon.colcon_core.package_identification:_identify(install) ignored
[3.487s] Level 1:colcon.colcon_core.package_identification:_identify(log) by extensions ['ignore', 'ignore_ament_install']
[3.487s] Level 1:colcon.colcon_core.package_identification:_identify(log) by extension 'ignore'
[3.487s] Level 1:colcon.colcon_core.package_identification:_identify(log) ignored
[3.488s] Level 1:colcon.colcon_core.package_identification:_identify(src) by extensions ['ignore', 'ignore_ament_install']
[3.488s] Level 1:colcon.colcon_core.package_identification:_identify(src) by extension 'ignore'
[3.489s] Level 1:colcon.colcon_core.package_identification:_identify(src) by extension 'ignore_ament_install'
[3.489s] Level 1:colcon.colcon_core.package_identification:_identify(src) by extensions ['colcon_pkg']
[3.489s] Level 1:colcon.colcon_core.package_identification:_identify(src) by extension 'colcon_pkg'
[3.489s] Level 1:colcon.colcon_core.package_identification:_identify(src) by extensions ['colcon_meta']
[3.489s] Level 1:colcon.colcon_core.package_identification:_identify(src) by extension 'colcon_meta'
[3.490s] Level 1:colcon.colcon_core.package_identification:_identify(src) by extensions ['ros']
[3.490s] Level 1:colcon.colcon_core.package_identification:_identify(src) by extension 'ros'
[3.490s] Level 1:colcon.colcon_core.package_identification:_identify(src) by extensions ['cmake', 'python']
[3.490s] Level 1:colcon.colcon_core.package_identification:_identify(src) by extension 'cmake'
[3.491s] Level 1:colcon.colcon_core.package_identification:_identify(src) by extension 'python'
[3.491s] Level 1:colcon.colcon_core.package_identification:_identify(src) by extensions ['python_setup_py']
[3.491s] Level 1:colcon.colcon_core.package_identification:_identify(src) by extension 'python_setup_py'
[3.492s] Level 1:colcon.colcon_core.package_identification:_identify(src/role1) by extensions ['ignore', 'ignore_ament_install']
[3.492s] Level 1:colcon.colcon_core.package_identification:_identify(src/role1) by extension 'ignore'
[3.492s] Level 1:colcon.colcon_core.package_identification:_identify(src/role1) by extension 'ignore_ament_install'
[3.492s] Level 1:colcon.colcon_core.package_identification:_identify(src/role1) by extensions ['colcon_pkg']
[3.493s] Level 1:colcon.colcon_core.package_identification:_identify(src/role1) by extension 'colcon_pkg'
[3.493s] Level 1:colcon.colcon_core.package_identification:_identify(src/role1) by extensions ['colcon_meta']
[3.493s] Level 1:colcon.colcon_core.package_identification:_identify(src/role1) by extension 'colcon_meta'
[3.493s] Level 1:colcon.colcon_core.package_identification:_identify(src/role1) by extensions ['ros']
[3.494s] Level 1:colcon.colcon_core.package_identification:_identify(src/role1) by extension 'ros'
[3.514s] DEBUG:colcon.colcon_core.package_identification:Package 'src/role1' with type 'ros.ament_cmake' and name 'role1'
[3.516s] Level 1:colcon.colcon_core.package_identification:_identify(src/role2) by extensions ['ignore', 'ignore_ament_install']
[3.517s] Level 1:colcon.colcon_core.package_identification:_identify(src/role2) by extension 'ignore'
[3.518s] Level 1:colcon.colcon_core.package_identification:_identify(src/role2) by extension 'ignore_ament_install'
[3.518s] Level 1:colcon.colcon_core.package_identification:_identify(src/role2) by extensions ['colcon_pkg']
[3.519s] Level 1:colcon.colcon_core.package_identification:_identify(src/role2) by extension 'colcon_pkg'
[3.519s] Level 1:colcon.colcon_core.package_identification:_identify(src/role2) by extensions ['colcon_meta']
[3.519s] Level 1:colcon.colcon_core.package_identification:_identify(src/role2) by extension 'colcon_meta'
[3.519s] Level 1:colcon.colcon_core.package_identification:_identify(src/role2) by extensions ['ros']
[3.520s] Level 1:colcon.colcon_core.package_identification:_identify(src/role2) by extension 'ros'
[3.523s] DEBUG:colcon.colcon_core.package_identification:Package 'src/role2' with type 'ros.ament_cmake' and name 'role2'
[3.524s] Level 1:colcon.colcon_core.package_discovery:discover_packages(recursive) using defaults
[3.524s] Level 1:colcon.colcon_core.package_discovery:discover_packages(ignore) discover
[3.524s] Level 1:colcon.colcon_core.package_discovery:discover_packages(ignore) using defaults
[3.524s] Level 1:colcon.colcon_core.package_discovery:discover_packages(path) discover
[3.524s] Level 1:colcon.colcon_core.package_discovery:discover_packages(path) using defaults
[3.761s] INFO:colcon.colcon_core.package_selection:Skipping not selected package 'role2' in 'src/role2'
[3.765s] Level 1:colcon.colcon_core.package_discovery:discover_packages(prefix_path) check parameters
[3.765s] Level 1:colcon.colcon_core.package_discovery:discover_packages(prefix_path) discover
[3.793s] DEBUG:colcon.colcon_installed_package_information.package_discovery:Found 270 installed packages in /opt/ros/humble
[3.803s] Level 1:colcon.colcon_core.package_discovery:discover_packages(prefix_path) using defaults
[4.208s] Level 5:colcon.colcon_core.verb:set package 'role1' build argument 'cmake_args' from command line to 'None'
[4.209s] Level 5:colcon.colcon_core.verb:set package 'role1' build argument 'cmake_target' from command line to 'None'
[4.209s] Level 5:colcon.colcon_core.verb:set package 'role1' build argument 'cmake_target_skip_unavailable' from command line to 'False'
[4.209s] Level 5:colcon.colcon_core.verb:set package 'role1' build argument 'cmake_clean_cache' from command line to 'False'
[4.209s] Level 5:colcon.colcon_core.verb:set package 'role1' build argument 'cmake_clean_first' from command line to 'False'
[4.210s] Level 5:colcon.colcon_core.verb:set package 'role1' build argument 'cmake_force_configure' from command line to 'False'
[4.210s] Level 5:colcon.colcon_core.verb:set package 'role1' build argument 'ament_cmake_args' from command line to 'None'
[4.210s] Level 5:colcon.colcon_core.verb:set package 'role1' build argument 'catkin_cmake_args' from command line to 'None'
[4.210s] Level 5:colcon.colcon_core.verb:set package 'role1' build argument 'catkin_skip_building_tests' from command line to 'False'
[4.210s] DEBUG:colcon.colcon_core.verb:Building package 'role1' with the following arguments: {'ament_cmake_args': None, 'build_base': '/home/hhh/role/build/role1', 'catkin_cmake_args': None, 'catkin_skip_building_tests': False, 'cmake_args': None, 'cmake_clean_cache': False, 'cmake_clean_first': False, 'cmake_force_configure': False, 'cmake_target': None, 'cmake_target_skip_unavailable': False, 'install_base': '/home/hhh/role/install/role1', 'merge_install': False, 'path': '/home/hhh/role/src/role1', 'symlink_install': False, 'test_result_base': None}
[4.211s] INFO:colcon.colcon_core.executor:Executing jobs using 'parallel' executor
[4.216s] DEBUG:colcon.colcon_parallel_executor.executor.parallel:run_until_complete
[4.219s] INFO:colcon.colcon_ros.task.ament_cmake.build:Building ROS package in '/home/hhh/role/src/role1' with build type 'ament_cmake'
[4.220s] INFO:colcon.colcon_cmake.task.cmake.build:Building CMake package in '/home/hhh/role/src/role1'
[4.256s] INFO:colcon.colcon_core.plugin_system:Skipping extension 'colcon_core.shell.bat': Not used on non-Windows systems
[4.257s] INFO:colcon.colcon_core.shell:Skip shell extension 'powershell' for command environment: Not usable outside of PowerShell
[4.257s] DEBUG:colcon.colcon_core.shell:Skip shell extension 'dsv' for command environment
[4.313s] DEBUG:colcon.colcon_core.event_handler.log_command:Invoking command in '/home/hhh/role/build/role1': CMAKE_PREFIX_PATH=/opt/ros/humble /usr/bin/cmake --build /home/hhh/role/build/role1 -- -j8 -l8
[26.762s] DEBUG:colcon.colcon_core.event_handler.log_command:Invoked command in '/home/hhh/role/build/role1' returned '0': CMAKE_PREFIX_PATH=/opt/ros/humble /usr/bin/cmake --build /home/hhh/role/build/role1 -- -j8 -l8
[27.020s] DEBUG:colcon.colcon_core.event_handler.log_command:Invoking command in '/home/hhh/role/build/role1': CMAKE_PREFIX_PATH=/opt/ros/humble /usr/bin/cmake --install /home/hhh/role/build/role1
[27.099s] Level 1:colcon.colcon_core.environment:create_environment_scripts_only(role1)
[27.102s] DEBUG:colcon.colcon_core.event_handler.log_command:Invoked command in '/home/hhh/role/build/role1' returned '0': CMAKE_PREFIX_PATH=/opt/ros/humble /usr/bin/cmake --install /home/hhh/role/build/role1
[27.134s] Level 1:colcon.colcon_core.environment:checking '/home/hhh/role/install/role1' for CMake module files
[27.138s] Level 1:colcon.colcon_core.environment:checking '/home/hhh/role/install/role1' for CMake config files
[27.139s] Level 1:colcon.colcon_core.shell:create_environment_hook('role1', 'cmake_prefix_path')
[27.140s] INFO:colcon.colcon_core.shell:Creating environment hook '/home/hhh/role/install/role1/share/role1/hook/cmake_prefix_path.ps1'
[27.144s] INFO:colcon.colcon_core.shell:Creating environment descriptor '/home/hhh/role/install/role1/share/role1/hook/cmake_prefix_path.dsv'
[27.148s] INFO:colcon.colcon_core.shell:Creating environment hook '/home/hhh/role/install/role1/share/role1/hook/cmake_prefix_path.sh'
[27.154s] Level 1:colcon.colcon_core.environment:checking '/home/hhh/role/install/role1/lib'
[27.155s] Level 1:colcon.colcon_core.environment:checking '/home/hhh/role/install/role1/bin'
[27.155s] Level 1:colcon.colcon_core.environment:checking '/home/hhh/role/install/role1/lib/pkgconfig/role1.pc'
[27.156s] Level 1:colcon.colcon_core.environment:checking '/home/hhh/role/install/role1/lib/python3.10/site-packages'
[27.157s] Level 1:colcon.colcon_core.environment:checking '/home/hhh/role/install/role1/bin'
[27.158s] INFO:colcon.colcon_core.shell:Creating package script '/home/hhh/role/install/role1/share/role1/package.ps1'
[27.164s] INFO:colcon.colcon_core.shell:Creating package descriptor '/home/hhh/role/install/role1/share/role1/package.dsv'
[27.167s] INFO:colcon.colcon_core.shell:Creating package script '/home/hhh/role/install/role1/share/role1/package.sh'
[27.172s] INFO:colcon.colcon_core.shell:Creating package script '/home/hhh/role/install/role1/share/role1/package.bash'
[27.177s] INFO:colcon.colcon_core.shell:Creating package script '/home/hhh/role/install/role1/share/role1/package.zsh'
[27.185s] Level 1:colcon.colcon_core.environment:create_file_with_runtime_dependencies(/home/hhh/role/install/role1/share/colcon-core/packages/role1)
[27.315s] Level 1:colcon.colcon_core.environment:create_environment_scripts_only(role1)
[27.316s] Level 1:colcon.colcon_core.environment:checking '/home/hhh/role/install/role1' for CMake module files
[27.318s] Level 1:colcon.colcon_core.environment:checking '/home/hhh/role/install/role1' for CMake config files
[27.319s] Level 1:colcon.colcon_core.shell:create_environment_hook('role1', 'cmake_prefix_path')
[27.319s] INFO:colcon.colcon_core.shell:Creating environment hook '/home/hhh/role/install/role1/share/role1/hook/cmake_prefix_path.ps1'
[27.322s] INFO:colcon.colcon_core.shell:Creating environment descriptor '/home/hhh/role/install/role1/share/role1/hook/cmake_prefix_path.dsv'
[27.324s] INFO:colcon.colcon_core.shell:Creating environment hook '/home/hhh/role/install/role1/share/role1/hook/cmake_prefix_path.sh'
[27.327s] Level 1:colcon.colcon_core.environment:checking '/home/hhh/role/install/role1/lib'
[27.327s] Level 1:colcon.colcon_core.environment:checking '/home/hhh/role/install/role1/bin'
[27.328s] Level 1:colcon.colcon_core.environment:checking '/home/hhh/role/install/role1/lib/pkgconfig/role1.pc'
[27.329s] Level 1:colcon.colcon_core.environment:checking '/home/hhh/role/install/role1/lib/python3.10/site-packages'
[27.330s] Level 1:colcon.colcon_core.environment:checking '/home/hhh/role/install/role1/bin'
[27.331s] INFO:colcon.colcon_core.shell:Creating package script '/home/hhh/role/install/role1/share/role1/package.ps1'
[27.334s] INFO:colcon.colcon_core.shell:Creating package descriptor '/home/hhh/role/install/role1/share/role1/package.dsv'
[27.336s] INFO:colcon.colcon_core.shell:Creating package script '/home/hhh/role/install/role1/share/role1/package.sh'
[27.338s] INFO:colcon.colcon_core.shell:Creating package script '/home/hhh/role/install/role1/share/role1/package.bash'
[27.340s] INFO:colcon.colcon_core.shell:Creating package script '/home/hhh/role/install/role1/share/role1/package.zsh'
[27.342s] Level 1:colcon.colcon_core.environment:create_file_with_runtime_dependencies(/home/hhh/role/install/role1/share/colcon-core/packages/role1)
[27.343s] DEBUG:colcon.colcon_parallel_executor.executor.parallel:closing loop
[27.344s] DEBUG:colcon.colcon_parallel_executor.executor.parallel:loop closed
[27.344s] DEBUG:colcon.colcon_parallel_executor.executor.parallel:run_until_complete finished with '0'
[27.344s] DEBUG:colcon.colcon_core.event_reactor:joining thread
[27.389s] INFO:colcon.colcon_core.plugin_system:Skipping extension 'colcon_notification.desktop_notification.terminal_notifier': Not used on non-Darwin systems
[27.390s] INFO:colcon.colcon_core.plugin_system:Skipping extension 'colcon_notification.desktop_notification.win32': Not used on non-Windows systems
[27.390s] INFO:colcon.colcon_notification.desktop_notification:Sending desktop notification using 'notify2'
[27.649s] DEBUG:colcon.colcon_core.event_reactor:joined thread
[27.650s] INFO:colcon.colcon_core.shell:Creating prefix script '/home/hhh/role/install/local_setup.ps1'
[27.655s] INFO:colcon.colcon_core.shell:Creating prefix util module '/home/hhh/role/install/_local_setup_util_ps1.py'
[27.661s] INFO:colcon.colcon_core.shell:Creating prefix chain script '/home/hhh/role/install/setup.ps1'
[27.666s] INFO:colcon.colcon_core.shell:Creating prefix script '/home/hhh/role/install/local_setup.sh'
[27.671s] INFO:colcon.colcon_core.shell:Creating prefix util module '/home/hhh/role/install/_local_setup_util_sh.py'
[27.674s] INFO:colcon.colcon_core.shell:Creating prefix chain script '/home/hhh/role/install/setup.sh'
[27.679s] INFO:colcon.colcon_core.shell:Creating prefix script '/home/hhh/role/install/local_setup.bash'
[27.682s] INFO:colcon.colcon_core.shell:Creating prefix chain script '/home/hhh/role/install/setup.bash'
[27.687s] INFO:colcon.colcon_core.shell:Creating prefix script '/home/hhh/role/install/local_setup.zsh'
[27.691s] INFO:colcon.colcon_core.shell:Creating prefix chain script '/home/hhh/role/install/setup.zsh'
