[0.055s] Invoking command in '/home/hhh/role/build/role1': CMAKE_PREFIX_PATH=/opt/ros/humble /usr/bin/cmake --build /home/hhh/role/build/role1 -- -j8 -l8
[0.224s] -- Found ament_cmake: 1.3.10 (/opt/ros/humble/share/ament_cmake/cmake)
[0.948s] -- Found rclcpp: 16.0.10 (/opt/ros/humble/share/rclcpp/cmake)
[1.225s] -- Found rosidl_generator_c: 3.1.5 (/opt/ros/humble/share/rosidl_generator_c/cmake)
[1.250s] -- Found rosidl_adapter: 3.1.5 (/opt/ros/humble/share/rosidl_adapter/cmake)
[1.315s] -- Found rosidl_generator_cpp: 3.1.5 (/opt/ros/humble/share/rosidl_generator_cpp/cmake)
[1.406s] -- Using all available rosidl_typesupport_c: rosidl_typesupport_fastrtps_c;rosidl_typesupport_introspection_c
[1.506s] -- Using all available rosidl_typesupport_cpp: rosidl_typesupport_fastrtps_cpp;rosidl_typesupport_introspection_cpp
[1.798s] -- Found rmw_implementation_cmake: 6.1.2 (/opt/ros/humble/share/rmw_implementation_cmake/cmake)
[1.816s] -- Found rmw_fastrtps_cpp: 6.2.7 (/opt/ros/humble/share/rmw_fastrtps_cpp/cmake)
[2.324s] -- Using RMW implementation 'rmw_fastrtps_cpp' as default
[2.822s] -- Found geometry_msgs: 4.2.4 (/opt/ros/humble/share/geometry_msgs/cmake)
[2.952s] -- Found ament_lint_auto: 0.12.11 (/opt/ros/humble/share/ament_lint_auto/cmake)
[3.317s] -- Added test 'cppcheck' to perform static code analysis on C / C++ code
[3.317s] -- Configured cppcheck include dirs: 
[3.318s] -- Configured cppcheck exclude dirs and/or files: 
[3.322s] -- Added test 'lint_cmake' to check CMake code style
[3.326s] -- Added test 'uncrustify' to check C / C++ code style
[3.327s] -- Configured uncrustify additional arguments: 
[3.331s] -- Added test 'xmllint' to check XML markup files
[3.342s] [31mCMake Error at /opt/ros/humble/share/ament_cmake_target_dependencies/cmake/ament_target_dependencies.cmake:42 (message):
[3.342s]   ament_target_dependencies() the first argument must be a valid target name
[3.343s] Call Stack (most recent call first):
[3.344s]   CMakeLists.txt:29 (ament_target_dependencies)
[3.344s] 
[3.345s] [0m
[3.345s] -- Configuring incomplete, errors occurred!
[3.345s] See also "/home/hhh/role/build/role1/CMakeFiles/CMakeOutput.log".
[3.372s] gmake: *** [Makefile:267：cmake_check_build_system] 错误 1
[3.381s] Invoked command in '/home/hhh/role/build/role1' returned '2': CMAKE_PREFIX_PATH=/opt/ros/humble /usr/bin/cmake --build /home/hhh/role/build/role1 -- -j8 -l8
