[1.853s] DEBUG:colcon:Command line arguments: ['/usr/bin/colcon', 'build', '--packages-select', 'role2']
[1.853s] DEBUG:colcon:Parsed command line arguments: Namespace(log_base=None, log_level=None, verb_name='build', build_base='build', install_base='install', merge_install=False, symlink_install=False, test_result_base=None, continue_on_error=False, executor='parallel', parallel_workers=8, event_handlers=None, ignore_user_meta=False, metas=['./colcon.meta'], base_paths=['.'], packages_ignore=None, packages_ignore_regex=None, paths=None, packages_up_to=None, packages_up_to_regex=None, packages_above=None, packages_above_and_dependencies=None, packages_above_depth=None, packages_select_by_dep=None, packages_skip_by_dep=None, packages_skip_up_to=None, packages_select_build_failed=False, packages_skip_build_finished=False, packages_select_test_failures=False, packages_skip_test_passed=False, packages_select=['role2'], packages_skip=None, packages_select_regex=None, packages_skip_regex=None, packages_start=None, packages_end=None, allow_overriding=[], cmake_args=None, cmake_target=None, cmake_target_skip_unavailable=False, cmake_clean_cache=False, cmake_clean_first=False, cmake_force_configure=False, ament_cmake_args=None, catkin_cmake_args=None, catkin_skip_building_tests=False, verb_parser=<colcon_defaults.argument_parser.defaults.DefaultArgumentsDecorator object at 0x79134bbf7490>, verb_extension=<colcon_core.verb.build.BuildVerb object at 0x79134bb3c0a0>, main=<bound method BuildVerb.main of <colcon_core.verb.build.BuildVerb object at 0x79134bb3c0a0>>)
[3.295s] Level 1:colcon.colcon_core.package_discovery:discover_packages(colcon_meta) check parameters
[3.296s] Level 1:colcon.colcon_core.package_discovery:discover_packages(recursive) check parameters
[3.296s] Level 1:colcon.colcon_core.package_discovery:discover_packages(ignore) check parameters
[3.296s] Level 1:colcon.colcon_core.package_discovery:discover_packages(path) check parameters
[3.296s] Level 1:colcon.colcon_core.package_discovery:discover_packages(colcon_meta) discover
[3.297s] Level 1:colcon.colcon_core.package_discovery:discover_packages(recursive) discover
[3.297s] INFO:colcon.colcon_core.package_discovery:Crawling recursively for packages in '/home/hhh/role'
[3.298s] Level 1:colcon.colcon_core.package_identification:_identify(.) by extensions ['ignore', 'ignore_ament_install']
[3.299s] Level 1:colcon.colcon_core.package_identification:_identify(.) by extension 'ignore'
[3.299s] Level 1:colcon.colcon_core.package_identification:_identify(.) by extension 'ignore_ament_install'
[3.300s] Level 1:colcon.colcon_core.package_identification:_identify(.) by extensions ['colcon_pkg']
[3.300s] Level 1:colcon.colcon_core.package_identification:_identify(.) by extension 'colcon_pkg'
[3.300s] Level 1:colcon.colcon_core.package_identification:_identify(.) by extensions ['colcon_meta']
[3.300s] Level 1:colcon.colcon_core.package_identification:_identify(.) by extension 'colcon_meta'
[3.301s] Level 1:colcon.colcon_core.package_identification:_identify(.) by extensions ['ros']
[3.301s] Level 1:colcon.colcon_core.package_identification:_identify(.) by extension 'ros'
[3.374s] Level 1:colcon.colcon_core.package_identification:_identify(.) by extensions ['cmake', 'python']
[3.374s] Level 1:colcon.colcon_core.package_identification:_identify(.) by extension 'cmake'
[3.375s] Level 1:colcon.colcon_core.package_identification:_identify(.) by extension 'python'
[3.375s] Level 1:colcon.colcon_core.package_identification:_identify(.) by extensions ['python_setup_py']
[3.375s] Level 1:colcon.colcon_core.package_identification:_identify(.) by extension 'python_setup_py'
[3.376s] Level 1:colcon.colcon_core.package_identification:_identify(build) by extensions ['ignore', 'ignore_ament_install']
[3.377s] Level 1:colcon.colcon_core.package_identification:_identify(build) by extension 'ignore'
[3.377s] Level 1:colcon.colcon_core.package_identification:_identify(build) ignored
[3.377s] Level 1:colcon.colcon_core.package_identification:_identify(install) by extensions ['ignore', 'ignore_ament_install']
[3.378s] Level 1:colcon.colcon_core.package_identification:_identify(install) by extension 'ignore'
[3.378s] Level 1:colcon.colcon_core.package_identification:_identify(install) ignored
[3.379s] Level 1:colcon.colcon_core.package_identification:_identify(log) by extensions ['ignore', 'ignore_ament_install']
[3.379s] Level 1:colcon.colcon_core.package_identification:_identify(log) by extension 'ignore'
[3.380s] Level 1:colcon.colcon_core.package_identification:_identify(log) ignored
[3.380s] Level 1:colcon.colcon_core.package_identification:_identify(src) by extensions ['ignore', 'ignore_ament_install']
[3.380s] Level 1:colcon.colcon_core.package_identification:_identify(src) by extension 'ignore'
[3.381s] Level 1:colcon.colcon_core.package_identification:_identify(src) by extension 'ignore_ament_install'
[3.381s] Level 1:colcon.colcon_core.package_identification:_identify(src) by extensions ['colcon_pkg']
[3.381s] Level 1:colcon.colcon_core.package_identification:_identify(src) by extension 'colcon_pkg'
[3.382s] Level 1:colcon.colcon_core.package_identification:_identify(src) by extensions ['colcon_meta']
[3.382s] Level 1:colcon.colcon_core.package_identification:_identify(src) by extension 'colcon_meta'
[3.382s] Level 1:colcon.colcon_core.package_identification:_identify(src) by extensions ['ros']
[3.383s] Level 1:colcon.colcon_core.package_identification:_identify(src) by extension 'ros'
[3.383s] Level 1:colcon.colcon_core.package_identification:_identify(src) by extensions ['cmake', 'python']
[3.383s] Level 1:colcon.colcon_core.package_identification:_identify(src) by extension 'cmake'
[3.384s] Level 1:colcon.colcon_core.package_identification:_identify(src) by extension 'python'
[3.384s] Level 1:colcon.colcon_core.package_identification:_identify(src) by extensions ['python_setup_py']
[3.384s] Level 1:colcon.colcon_core.package_identification:_identify(src) by extension 'python_setup_py'
[3.385s] Level 1:colcon.colcon_core.package_identification:_identify(src/role1) by extensions ['ignore', 'ignore_ament_install']
[3.386s] Level 1:colcon.colcon_core.package_identification:_identify(src/role1) by extension 'ignore'
[3.386s] Level 1:colcon.colcon_core.package_identification:_identify(src/role1) by extension 'ignore_ament_install'
[3.387s] Level 1:colcon.colcon_core.package_identification:_identify(src/role1) by extensions ['colcon_pkg']
[3.387s] Level 1:colcon.colcon_core.package_identification:_identify(src/role1) by extension 'colcon_pkg'
[3.387s] Level 1:colcon.colcon_core.package_identification:_identify(src/role1) by extensions ['colcon_meta']
[3.387s] Level 1:colcon.colcon_core.package_identification:_identify(src/role1) by extension 'colcon_meta'
[3.388s] Level 1:colcon.colcon_core.package_identification:_identify(src/role1) by extensions ['ros']
[3.388s] Level 1:colcon.colcon_core.package_identification:_identify(src/role1) by extension 'ros'
[3.401s] DEBUG:colcon.colcon_core.package_identification:Package 'src/role1' with type 'ros.ament_cmake' and name 'role1'
[3.401s] Level 1:colcon.colcon_core.package_identification:_identify(src/role2) by extensions ['ignore', 'ignore_ament_install']
[3.402s] Level 1:colcon.colcon_core.package_identification:_identify(src/role2) by extension 'ignore'
[3.402s] Level 1:colcon.colcon_core.package_identification:_identify(src/role2) by extension 'ignore_ament_install'
[3.402s] Level 1:colcon.colcon_core.package_identification:_identify(src/role2) by extensions ['colcon_pkg']
[3.402s] Level 1:colcon.colcon_core.package_identification:_identify(src/role2) by extension 'colcon_pkg'
[3.402s] Level 1:colcon.colcon_core.package_identification:_identify(src/role2) by extensions ['colcon_meta']
[3.403s] Level 1:colcon.colcon_core.package_identification:_identify(src/role2) by extension 'colcon_meta'
[3.403s] Level 1:colcon.colcon_core.package_identification:_identify(src/role2) by extensions ['ros']
[3.403s] Level 1:colcon.colcon_core.package_identification:_identify(src/role2) by extension 'ros'
[3.406s] DEBUG:colcon.colcon_core.package_identification:Package 'src/role2' with type 'ros.ament_cmake' and name 'role2'
[3.406s] Level 1:colcon.colcon_core.package_discovery:discover_packages(recursive) using defaults
[3.406s] Level 1:colcon.colcon_core.package_discovery:discover_packages(ignore) discover
[3.406s] Level 1:colcon.colcon_core.package_discovery:discover_packages(ignore) using defaults
[3.406s] Level 1:colcon.colcon_core.package_discovery:discover_packages(path) discover
[3.406s] Level 1:colcon.colcon_core.package_discovery:discover_packages(path) using defaults
[3.524s] INFO:colcon.colcon_core.package_selection:Skipping not selected package 'role1' in 'src/role1'
[3.528s] Level 1:colcon.colcon_core.package_discovery:discover_packages(prefix_path) check parameters
[3.528s] Level 1:colcon.colcon_core.package_discovery:discover_packages(prefix_path) discover
[3.561s] DEBUG:colcon.colcon_installed_package_information.package_discovery:Found 2 installed packages in /home/hhh/role/install
[3.568s] DEBUG:colcon.colcon_installed_package_information.package_discovery:Found 270 installed packages in /opt/ros/humble
[3.571s] Level 1:colcon.colcon_core.package_discovery:discover_packages(prefix_path) using defaults
[3.809s] Level 5:colcon.colcon_core.verb:set package 'role2' build argument 'cmake_args' from command line to 'None'
[3.810s] Level 5:colcon.colcon_core.verb:set package 'role2' build argument 'cmake_target' from command line to 'None'
[3.810s] Level 5:colcon.colcon_core.verb:set package 'role2' build argument 'cmake_target_skip_unavailable' from command line to 'False'
[3.810s] Level 5:colcon.colcon_core.verb:set package 'role2' build argument 'cmake_clean_cache' from command line to 'False'
[3.810s] Level 5:colcon.colcon_core.verb:set package 'role2' build argument 'cmake_clean_first' from command line to 'False'
[3.811s] Level 5:colcon.colcon_core.verb:set package 'role2' build argument 'cmake_force_configure' from command line to 'False'
[3.811s] Level 5:colcon.colcon_core.verb:set package 'role2' build argument 'ament_cmake_args' from command line to 'None'
[3.811s] Level 5:colcon.colcon_core.verb:set package 'role2' build argument 'catkin_cmake_args' from command line to 'None'
[3.811s] Level 5:colcon.colcon_core.verb:set package 'role2' build argument 'catkin_skip_building_tests' from command line to 'False'
[3.811s] DEBUG:colcon.colcon_core.verb:Building package 'role2' with the following arguments: {'ament_cmake_args': None, 'build_base': '/home/hhh/role/build/role2', 'catkin_cmake_args': None, 'catkin_skip_building_tests': False, 'cmake_args': None, 'cmake_clean_cache': False, 'cmake_clean_first': False, 'cmake_force_configure': False, 'cmake_target': None, 'cmake_target_skip_unavailable': False, 'install_base': '/home/hhh/role/install/role2', 'merge_install': False, 'path': '/home/hhh/role/src/role2', 'symlink_install': False, 'test_result_base': None}
[3.812s] INFO:colcon.colcon_core.executor:Executing jobs using 'parallel' executor
[3.817s] DEBUG:colcon.colcon_parallel_executor.executor.parallel:run_until_complete
[3.819s] INFO:colcon.colcon_ros.task.ament_cmake.build:Building ROS package in '/home/hhh/role/src/role2' with build type 'ament_cmake'
[3.819s] INFO:colcon.colcon_cmake.task.cmake.build:Building CMake package in '/home/hhh/role/src/role2'
[3.853s] INFO:colcon.colcon_core.plugin_system:Skipping extension 'colcon_core.shell.bat': Not used on non-Windows systems
[3.854s] INFO:colcon.colcon_core.shell:Skip shell extension 'powershell' for command environment: Not usable outside of PowerShell
[3.854s] DEBUG:colcon.colcon_core.shell:Skip shell extension 'dsv' for command environment
[3.929s] DEBUG:colcon.colcon_core.event_handler.log_command:Invoking command in '/home/hhh/role/build/role2': CMAKE_PREFIX_PATH=${CMAKE_PREFIX_PATH}:/opt/ros/humble /usr/bin/cmake --build /home/hhh/role/build/role2 -- -j8 -l8
[47.476s] DEBUG:colcon.colcon_core.event_handler.log_command:Invoked command in '/home/hhh/role/build/role2' returned '0': CMAKE_PREFIX_PATH=${CMAKE_PREFIX_PATH}:/opt/ros/humble /usr/bin/cmake --build /home/hhh/role/build/role2 -- -j8 -l8
[47.943s] DEBUG:colcon.colcon_core.event_handler.log_command:Invoking command in '/home/hhh/role/build/role2': CMAKE_PREFIX_PATH=${CMAKE_PREFIX_PATH}:/opt/ros/humble /usr/bin/cmake --install /home/hhh/role/build/role2
[48.143s] DEBUG:colcon.colcon_core.event_handler.log_command:Invoked command in '/home/hhh/role/build/role2' returned '0': CMAKE_PREFIX_PATH=${CMAKE_PREFIX_PATH}:/opt/ros/humble /usr/bin/cmake --install /home/hhh/role/build/role2
[48.171s] Level 1:colcon.colcon_core.environment:create_environment_scripts_only(role2)
[48.657s] Level 1:colcon.colcon_core.environment:checking '/home/hhh/role/install/role2' for CMake module files
[48.679s] Level 1:colcon.colcon_core.environment:checking '/home/hhh/role/install/role2' for CMake config files
[48.685s] Level 1:colcon.colcon_core.shell:create_environment_hook('role2', 'cmake_prefix_path')
[48.710s] INFO:colcon.colcon_core.shell:Creating environment hook '/home/hhh/role/install/role2/share/role2/hook/cmake_prefix_path.ps1'
[48.843s] INFO:colcon.colcon_core.shell:Creating environment descriptor '/home/hhh/role/install/role2/share/role2/hook/cmake_prefix_path.dsv'
[48.863s] INFO:colcon.colcon_core.shell:Creating environment hook '/home/hhh/role/install/role2/share/role2/hook/cmake_prefix_path.sh'
[48.921s] Level 1:colcon.colcon_core.environment:checking '/home/hhh/role/install/role2/lib'
[48.928s] Level 1:colcon.colcon_core.environment:checking '/home/hhh/role/install/role2/bin'
[48.928s] Level 1:colcon.colcon_core.environment:checking '/home/hhh/role/install/role2/lib/pkgconfig/role2.pc'
[49.029s] Level 1:colcon.colcon_core.environment:checking '/home/hhh/role/install/role2/lib/python3.10/site-packages'
[49.030s] Level 1:colcon.colcon_core.environment:checking '/home/hhh/role/install/role2/bin'
[49.033s] INFO:colcon.colcon_core.shell:Creating package script '/home/hhh/role/install/role2/share/role2/package.ps1'
[49.061s] INFO:colcon.colcon_core.shell:Creating package descriptor '/home/hhh/role/install/role2/share/role2/package.dsv'
[49.067s] INFO:colcon.colcon_core.shell:Creating package script '/home/hhh/role/install/role2/share/role2/package.sh'
[49.080s] INFO:colcon.colcon_core.shell:Creating package script '/home/hhh/role/install/role2/share/role2/package.bash'
[49.092s] INFO:colcon.colcon_core.shell:Creating package script '/home/hhh/role/install/role2/share/role2/package.zsh'
[49.108s] Level 1:colcon.colcon_core.environment:create_file_with_runtime_dependencies(/home/hhh/role/install/role2/share/colcon-core/packages/role2)
[49.352s] Level 1:colcon.colcon_core.environment:create_environment_scripts_only(role2)
[49.353s] Level 1:colcon.colcon_core.environment:checking '/home/hhh/role/install/role2' for CMake module files
[49.356s] Level 1:colcon.colcon_core.environment:checking '/home/hhh/role/install/role2' for CMake config files
[49.358s] Level 1:colcon.colcon_core.shell:create_environment_hook('role2', 'cmake_prefix_path')
[49.361s] INFO:colcon.colcon_core.shell:Creating environment hook '/home/hhh/role/install/role2/share/role2/hook/cmake_prefix_path.ps1'
[49.367s] INFO:colcon.colcon_core.shell:Creating environment descriptor '/home/hhh/role/install/role2/share/role2/hook/cmake_prefix_path.dsv'
[49.369s] INFO:colcon.colcon_core.shell:Creating environment hook '/home/hhh/role/install/role2/share/role2/hook/cmake_prefix_path.sh'
[49.376s] Level 1:colcon.colcon_core.environment:checking '/home/hhh/role/install/role2/lib'
[49.377s] Level 1:colcon.colcon_core.environment:checking '/home/hhh/role/install/role2/bin'
[49.378s] Level 1:colcon.colcon_core.environment:checking '/home/hhh/role/install/role2/lib/pkgconfig/role2.pc'
[49.381s] Level 1:colcon.colcon_core.environment:checking '/home/hhh/role/install/role2/lib/python3.10/site-packages'
[49.382s] Level 1:colcon.colcon_core.environment:checking '/home/hhh/role/install/role2/bin'
[49.384s] INFO:colcon.colcon_core.shell:Creating package script '/home/hhh/role/install/role2/share/role2/package.ps1'
[49.391s] INFO:colcon.colcon_core.shell:Creating package descriptor '/home/hhh/role/install/role2/share/role2/package.dsv'
[49.395s] INFO:colcon.colcon_core.shell:Creating package script '/home/hhh/role/install/role2/share/role2/package.sh'
[49.400s] INFO:colcon.colcon_core.shell:Creating package script '/home/hhh/role/install/role2/share/role2/package.bash'
[49.405s] INFO:colcon.colcon_core.shell:Creating package script '/home/hhh/role/install/role2/share/role2/package.zsh'
[49.409s] Level 1:colcon.colcon_core.environment:create_file_with_runtime_dependencies(/home/hhh/role/install/role2/share/colcon-core/packages/role2)
[49.419s] DEBUG:colcon.colcon_parallel_executor.executor.parallel:closing loop
[49.424s] DEBUG:colcon.colcon_parallel_executor.executor.parallel:loop closed
[49.436s] DEBUG:colcon.colcon_parallel_executor.executor.parallel:run_until_complete finished with '0'
[49.439s] DEBUG:colcon.colcon_core.event_reactor:joining thread
[49.694s] INFO:colcon.colcon_core.plugin_system:Skipping extension 'colcon_notification.desktop_notification.terminal_notifier': Not used on non-Darwin systems
[49.697s] INFO:colcon.colcon_core.plugin_system:Skipping extension 'colcon_notification.desktop_notification.win32': Not used on non-Windows systems
[49.699s] INFO:colcon.colcon_notification.desktop_notification:Sending desktop notification using 'notify2'
[50.826s] DEBUG:colcon.colcon_core.event_reactor:joined thread
[50.838s] INFO:colcon.colcon_core.shell:Creating prefix script '/home/hhh/role/install/local_setup.ps1'
[50.849s] INFO:colcon.colcon_core.shell:Creating prefix util module '/home/hhh/role/install/_local_setup_util_ps1.py'
[50.861s] INFO:colcon.colcon_core.shell:Creating prefix chain script '/home/hhh/role/install/setup.ps1'
[50.893s] INFO:colcon.colcon_core.shell:Creating prefix script '/home/hhh/role/install/local_setup.sh'
[50.908s] INFO:colcon.colcon_core.shell:Creating prefix util module '/home/hhh/role/install/_local_setup_util_sh.py'
[50.910s] INFO:colcon.colcon_core.shell:Creating prefix chain script '/home/hhh/role/install/setup.sh'
[50.926s] INFO:colcon.colcon_core.shell:Creating prefix script '/home/hhh/role/install/local_setup.bash'
[50.931s] INFO:colcon.colcon_core.shell:Creating prefix chain script '/home/hhh/role/install/setup.bash'
[50.938s] INFO:colcon.colcon_core.shell:Creating prefix script '/home/hhh/role/install/local_setup.zsh'
[50.949s] INFO:colcon.colcon_core.shell:Creating prefix chain script '/home/hhh/role/install/setup.zsh'
