[0.959s] DEBUG:colcon:Command line arguments: ['/usr/bin/colcon', 'build', '--packages-select', 'role2']
[0.960s] DEBUG:colcon:Parsed command line arguments: Namespace(log_base=None, log_level=None, verb_name='build', build_base='build', install_base='install', merge_install=False, symlink_install=False, test_result_base=None, continue_on_error=False, executor='parallel', parallel_workers=8, event_handlers=None, ignore_user_meta=False, metas=['./colcon.meta'], base_paths=['.'], packages_ignore=None, packages_ignore_regex=None, paths=None, packages_up_to=None, packages_up_to_regex=None, packages_above=None, packages_above_and_dependencies=None, packages_above_depth=None, packages_select_by_dep=None, packages_skip_by_dep=None, packages_skip_up_to=None, packages_select_build_failed=False, packages_skip_build_finished=False, packages_select_test_failures=False, packages_skip_test_passed=False, packages_select=['role2'], packages_skip=None, packages_select_regex=None, packages_skip_regex=None, packages_start=None, packages_end=None, allow_overriding=[], cmake_args=None, cmake_target=None, cmake_target_skip_unavailable=False, cmake_clean_cache=False, cmake_clean_first=False, cmake_force_configure=False, ament_cmake_args=None, catkin_cmake_args=None, catkin_skip_building_tests=False, verb_parser=<colcon_defaults.argument_parser.defaults.DefaultArgumentsDecorator object at 0x7e20bbdf74c0>, verb_extension=<colcon_core.verb.build.BuildVerb object at 0x7e20bbd3c0d0>, main=<bound method BuildVerb.main of <colcon_core.verb.build.BuildVerb object at 0x7e20bbd3c0d0>>)
[2.229s] Level 1:colcon.colcon_core.package_discovery:discover_packages(colcon_meta) check parameters
[2.229s] Level 1:colcon.colcon_core.package_discovery:discover_packages(recursive) check parameters
[2.229s] Level 1:colcon.colcon_core.package_discovery:discover_packages(ignore) check parameters
[2.229s] Level 1:colcon.colcon_core.package_discovery:discover_packages(path) check parameters
[2.230s] Level 1:colcon.colcon_core.package_discovery:discover_packages(colcon_meta) discover
[2.230s] Level 1:colcon.colcon_core.package_discovery:discover_packages(recursive) discover
[2.230s] INFO:colcon.colcon_core.package_discovery:Crawling recursively for packages in '/home/hhh/role'
[2.231s] Level 1:colcon.colcon_core.package_identification:_identify(.) by extensions ['ignore', 'ignore_ament_install']
[2.231s] Level 1:colcon.colcon_core.package_identification:_identify(.) by extension 'ignore'
[2.231s] Level 1:colcon.colcon_core.package_identification:_identify(.) by extension 'ignore_ament_install'
[2.232s] Level 1:colcon.colcon_core.package_identification:_identify(.) by extensions ['colcon_pkg']
[2.232s] Level 1:colcon.colcon_core.package_identification:_identify(.) by extension 'colcon_pkg'
[2.232s] Level 1:colcon.colcon_core.package_identification:_identify(.) by extensions ['colcon_meta']
[2.232s] Level 1:colcon.colcon_core.package_identification:_identify(.) by extension 'colcon_meta'
[2.232s] Level 1:colcon.colcon_core.package_identification:_identify(.) by extensions ['ros']
[2.233s] Level 1:colcon.colcon_core.package_identification:_identify(.) by extension 'ros'
[2.300s] Level 1:colcon.colcon_core.package_identification:_identify(.) by extensions ['cmake', 'python']
[2.301s] Level 1:colcon.colcon_core.package_identification:_identify(.) by extension 'cmake'
[2.301s] Level 1:colcon.colcon_core.package_identification:_identify(.) by extension 'python'
[2.301s] Level 1:colcon.colcon_core.package_identification:_identify(.) by extensions ['python_setup_py']
[2.301s] Level 1:colcon.colcon_core.package_identification:_identify(.) by extension 'python_setup_py'
[2.302s] Level 1:colcon.colcon_core.package_identification:_identify(build) by extensions ['ignore', 'ignore_ament_install']
[2.302s] Level 1:colcon.colcon_core.package_identification:_identify(build) by extension 'ignore'
[2.303s] Level 1:colcon.colcon_core.package_identification:_identify(build) ignored
[2.303s] Level 1:colcon.colcon_core.package_identification:_identify(install) by extensions ['ignore', 'ignore_ament_install']
[2.304s] Level 1:colcon.colcon_core.package_identification:_identify(install) by extension 'ignore'
[2.304s] Level 1:colcon.colcon_core.package_identification:_identify(install) ignored
[2.304s] Level 1:colcon.colcon_core.package_identification:_identify(log) by extensions ['ignore', 'ignore_ament_install']
[2.305s] Level 1:colcon.colcon_core.package_identification:_identify(log) by extension 'ignore'
[2.305s] Level 1:colcon.colcon_core.package_identification:_identify(log) ignored
[2.305s] Level 1:colcon.colcon_core.package_identification:_identify(src) by extensions ['ignore', 'ignore_ament_install']
[2.306s] Level 1:colcon.colcon_core.package_identification:_identify(src) by extension 'ignore'
[2.306s] Level 1:colcon.colcon_core.package_identification:_identify(src) by extension 'ignore_ament_install'
[2.306s] Level 1:colcon.colcon_core.package_identification:_identify(src) by extensions ['colcon_pkg']
[2.306s] Level 1:colcon.colcon_core.package_identification:_identify(src) by extension 'colcon_pkg'
[2.306s] Level 1:colcon.colcon_core.package_identification:_identify(src) by extensions ['colcon_meta']
[2.307s] Level 1:colcon.colcon_core.package_identification:_identify(src) by extension 'colcon_meta'
[2.307s] Level 1:colcon.colcon_core.package_identification:_identify(src) by extensions ['ros']
[2.307s] Level 1:colcon.colcon_core.package_identification:_identify(src) by extension 'ros'
[2.307s] Level 1:colcon.colcon_core.package_identification:_identify(src) by extensions ['cmake', 'python']
[2.308s] Level 1:colcon.colcon_core.package_identification:_identify(src) by extension 'cmake'
[2.308s] Level 1:colcon.colcon_core.package_identification:_identify(src) by extension 'python'
[2.308s] Level 1:colcon.colcon_core.package_identification:_identify(src) by extensions ['python_setup_py']
[2.308s] Level 1:colcon.colcon_core.package_identification:_identify(src) by extension 'python_setup_py'
[2.309s] Level 1:colcon.colcon_core.package_identification:_identify(src/role1) by extensions ['ignore', 'ignore_ament_install']
[2.309s] Level 1:colcon.colcon_core.package_identification:_identify(src/role1) by extension 'ignore'
[2.309s] Level 1:colcon.colcon_core.package_identification:_identify(src/role1) by extension 'ignore_ament_install'
[2.309s] Level 1:colcon.colcon_core.package_identification:_identify(src/role1) by extensions ['colcon_pkg']
[2.310s] Level 1:colcon.colcon_core.package_identification:_identify(src/role1) by extension 'colcon_pkg'
[2.310s] Level 1:colcon.colcon_core.package_identification:_identify(src/role1) by extensions ['colcon_meta']
[2.310s] Level 1:colcon.colcon_core.package_identification:_identify(src/role1) by extension 'colcon_meta'
[2.310s] Level 1:colcon.colcon_core.package_identification:_identify(src/role1) by extensions ['ros']
[2.311s] Level 1:colcon.colcon_core.package_identification:_identify(src/role1) by extension 'ros'
[2.326s] DEBUG:colcon.colcon_core.package_identification:Package 'src/role1' with type 'ros.ament_cmake' and name 'role1'
[2.327s] Level 1:colcon.colcon_core.package_identification:_identify(src/role2) by extensions ['ignore', 'ignore_ament_install']
[2.328s] Level 1:colcon.colcon_core.package_identification:_identify(src/role2) by extension 'ignore'
[2.328s] Level 1:colcon.colcon_core.package_identification:_identify(src/role2) by extension 'ignore_ament_install'
[2.328s] Level 1:colcon.colcon_core.package_identification:_identify(src/role2) by extensions ['colcon_pkg']
[2.329s] Level 1:colcon.colcon_core.package_identification:_identify(src/role2) by extension 'colcon_pkg'
[2.329s] Level 1:colcon.colcon_core.package_identification:_identify(src/role2) by extensions ['colcon_meta']
[2.329s] Level 1:colcon.colcon_core.package_identification:_identify(src/role2) by extension 'colcon_meta'
[2.329s] Level 1:colcon.colcon_core.package_identification:_identify(src/role2) by extensions ['ros']
[2.329s] Level 1:colcon.colcon_core.package_identification:_identify(src/role2) by extension 'ros'
[2.333s] DEBUG:colcon.colcon_core.package_identification:Package 'src/role2' with type 'ros.ament_cmake' and name 'role2'
[2.334s] Level 1:colcon.colcon_core.package_discovery:discover_packages(recursive) using defaults
[2.334s] Level 1:colcon.colcon_core.package_discovery:discover_packages(ignore) discover
[2.335s] Level 1:colcon.colcon_core.package_discovery:discover_packages(ignore) using defaults
[2.335s] Level 1:colcon.colcon_core.package_discovery:discover_packages(path) discover
[2.335s] Level 1:colcon.colcon_core.package_discovery:discover_packages(path) using defaults
[2.456s] INFO:colcon.colcon_core.package_selection:Skipping not selected package 'role1' in 'src/role1'
[2.458s] Level 1:colcon.colcon_core.package_discovery:discover_packages(prefix_path) check parameters
[2.458s] Level 1:colcon.colcon_core.package_discovery:discover_packages(prefix_path) discover
[2.479s] DEBUG:colcon.colcon_installed_package_information.package_discovery:Found 270 installed packages in /opt/ros/humble
[2.486s] Level 1:colcon.colcon_core.package_discovery:discover_packages(prefix_path) using defaults
[2.666s] Level 5:colcon.colcon_core.verb:set package 'role2' build argument 'cmake_args' from command line to 'None'
[2.667s] Level 5:colcon.colcon_core.verb:set package 'role2' build argument 'cmake_target' from command line to 'None'
[2.667s] Level 5:colcon.colcon_core.verb:set package 'role2' build argument 'cmake_target_skip_unavailable' from command line to 'False'
[2.667s] Level 5:colcon.colcon_core.verb:set package 'role2' build argument 'cmake_clean_cache' from command line to 'False'
[2.667s] Level 5:colcon.colcon_core.verb:set package 'role2' build argument 'cmake_clean_first' from command line to 'False'
[2.667s] Level 5:colcon.colcon_core.verb:set package 'role2' build argument 'cmake_force_configure' from command line to 'False'
[2.667s] Level 5:colcon.colcon_core.verb:set package 'role2' build argument 'ament_cmake_args' from command line to 'None'
[2.667s] Level 5:colcon.colcon_core.verb:set package 'role2' build argument 'catkin_cmake_args' from command line to 'None'
[2.668s] Level 5:colcon.colcon_core.verb:set package 'role2' build argument 'catkin_skip_building_tests' from command line to 'False'
[2.668s] DEBUG:colcon.colcon_core.verb:Building package 'role2' with the following arguments: {'ament_cmake_args': None, 'build_base': '/home/hhh/role/build/role2', 'catkin_cmake_args': None, 'catkin_skip_building_tests': False, 'cmake_args': None, 'cmake_clean_cache': False, 'cmake_clean_first': False, 'cmake_force_configure': False, 'cmake_target': None, 'cmake_target_skip_unavailable': False, 'install_base': '/home/hhh/role/install/role2', 'merge_install': False, 'path': '/home/hhh/role/src/role2', 'symlink_install': False, 'test_result_base': None}
[2.668s] INFO:colcon.colcon_core.executor:Executing jobs using 'parallel' executor
[2.674s] DEBUG:colcon.colcon_parallel_executor.executor.parallel:run_until_complete
[2.676s] INFO:colcon.colcon_ros.task.ament_cmake.build:Building ROS package in '/home/hhh/role/src/role2' with build type 'ament_cmake'
[2.677s] INFO:colcon.colcon_cmake.task.cmake.build:Building CMake package in '/home/hhh/role/src/role2'
[2.735s] INFO:colcon.colcon_core.plugin_system:Skipping extension 'colcon_core.shell.bat': Not used on non-Windows systems
[2.737s] INFO:colcon.colcon_core.shell:Skip shell extension 'powershell' for command environment: Not usable outside of PowerShell
[2.737s] DEBUG:colcon.colcon_core.shell:Skip shell extension 'dsv' for command environment
[2.808s] DEBUG:colcon.colcon_core.event_handler.log_command:Invoking command in '/home/hhh/role/build/role2': CMAKE_PREFIX_PATH=/opt/ros/humble /usr/bin/cmake --build /home/hhh/role/build/role2 -- -j8 -l8
[42.608s] DEBUG:colcon.colcon_core.event_handler.log_command:Invoked command in '/home/hhh/role/build/role2' returned '0': CMAKE_PREFIX_PATH=/opt/ros/humble /usr/bin/cmake --build /home/hhh/role/build/role2 -- -j8 -l8
[43.096s] DEBUG:colcon.colcon_core.event_handler.log_command:Invoking command in '/home/hhh/role/build/role2': CMAKE_PREFIX_PATH=/opt/ros/humble /usr/bin/cmake --install /home/hhh/role/build/role2
[43.250s] DEBUG:colcon.colcon_core.event_handler.log_command:Invoked command in '/home/hhh/role/build/role2' returned '0': CMAKE_PREFIX_PATH=/opt/ros/humble /usr/bin/cmake --install /home/hhh/role/build/role2
[43.261s] Level 1:colcon.colcon_core.environment:create_environment_scripts_only(role2)
[43.543s] Level 1:colcon.colcon_core.environment:checking '/home/hhh/role/install/role2' for CMake module files
[43.553s] Level 1:colcon.colcon_core.environment:checking '/home/hhh/role/install/role2' for CMake config files
[43.561s] Level 1:colcon.colcon_core.shell:create_environment_hook('role2', 'cmake_prefix_path')
[43.569s] INFO:colcon.colcon_core.shell:Creating environment hook '/home/hhh/role/install/role2/share/role2/hook/cmake_prefix_path.ps1'
[43.632s] INFO:colcon.colcon_core.shell:Creating environment descriptor '/home/hhh/role/install/role2/share/role2/hook/cmake_prefix_path.dsv'
[43.644s] INFO:colcon.colcon_core.shell:Creating environment hook '/home/hhh/role/install/role2/share/role2/hook/cmake_prefix_path.sh'
[43.678s] Level 1:colcon.colcon_core.environment:checking '/home/hhh/role/install/role2/lib'
[43.680s] Level 1:colcon.colcon_core.environment:checking '/home/hhh/role/install/role2/bin'
[43.681s] Level 1:colcon.colcon_core.environment:checking '/home/hhh/role/install/role2/lib/pkgconfig/role2.pc'
[43.712s] Level 1:colcon.colcon_core.environment:checking '/home/hhh/role/install/role2/lib/python3.10/site-packages'
[43.713s] Level 1:colcon.colcon_core.environment:checking '/home/hhh/role/install/role2/bin'
[43.718s] INFO:colcon.colcon_core.shell:Creating package script '/home/hhh/role/install/role2/share/role2/package.ps1'
[43.736s] INFO:colcon.colcon_core.shell:Creating package descriptor '/home/hhh/role/install/role2/share/role2/package.dsv'
[43.742s] INFO:colcon.colcon_core.shell:Creating package script '/home/hhh/role/install/role2/share/role2/package.sh'
[43.747s] INFO:colcon.colcon_core.shell:Creating package script '/home/hhh/role/install/role2/share/role2/package.bash'
[43.758s] INFO:colcon.colcon_core.shell:Creating package script '/home/hhh/role/install/role2/share/role2/package.zsh'
[43.767s] Level 1:colcon.colcon_core.environment:create_file_with_runtime_dependencies(/home/hhh/role/install/role2/share/colcon-core/packages/role2)
[44.001s] Level 1:colcon.colcon_core.environment:create_environment_scripts_only(role2)
[44.002s] Level 1:colcon.colcon_core.environment:checking '/home/hhh/role/install/role2' for CMake module files
[44.004s] Level 1:colcon.colcon_core.environment:checking '/home/hhh/role/install/role2' for CMake config files
[44.006s] Level 1:colcon.colcon_core.shell:create_environment_hook('role2', 'cmake_prefix_path')
[44.007s] INFO:colcon.colcon_core.shell:Creating environment hook '/home/hhh/role/install/role2/share/role2/hook/cmake_prefix_path.ps1'
[44.010s] INFO:colcon.colcon_core.shell:Creating environment descriptor '/home/hhh/role/install/role2/share/role2/hook/cmake_prefix_path.dsv'
[44.013s] INFO:colcon.colcon_core.shell:Creating environment hook '/home/hhh/role/install/role2/share/role2/hook/cmake_prefix_path.sh'
[44.016s] Level 1:colcon.colcon_core.environment:checking '/home/hhh/role/install/role2/lib'
[44.016s] Level 1:colcon.colcon_core.environment:checking '/home/hhh/role/install/role2/bin'
[44.017s] Level 1:colcon.colcon_core.environment:checking '/home/hhh/role/install/role2/lib/pkgconfig/role2.pc'
[44.018s] Level 1:colcon.colcon_core.environment:checking '/home/hhh/role/install/role2/lib/python3.10/site-packages'
[44.018s] Level 1:colcon.colcon_core.environment:checking '/home/hhh/role/install/role2/bin'
[44.019s] INFO:colcon.colcon_core.shell:Creating package script '/home/hhh/role/install/role2/share/role2/package.ps1'
[44.023s] INFO:colcon.colcon_core.shell:Creating package descriptor '/home/hhh/role/install/role2/share/role2/package.dsv'
[44.026s] INFO:colcon.colcon_core.shell:Creating package script '/home/hhh/role/install/role2/share/role2/package.sh'
[44.029s] INFO:colcon.colcon_core.shell:Creating package script '/home/hhh/role/install/role2/share/role2/package.bash'
[44.031s] INFO:colcon.colcon_core.shell:Creating package script '/home/hhh/role/install/role2/share/role2/package.zsh'
[44.034s] Level 1:colcon.colcon_core.environment:create_file_with_runtime_dependencies(/home/hhh/role/install/role2/share/colcon-core/packages/role2)
[44.049s] DEBUG:colcon.colcon_parallel_executor.executor.parallel:closing loop
[44.056s] DEBUG:colcon.colcon_parallel_executor.executor.parallel:loop closed
[44.059s] DEBUG:colcon.colcon_parallel_executor.executor.parallel:run_until_complete finished with '0'
[44.060s] DEBUG:colcon.colcon_core.event_reactor:joining thread
[44.237s] INFO:colcon.colcon_core.plugin_system:Skipping extension 'colcon_notification.desktop_notification.terminal_notifier': Not used on non-Darwin systems
[44.238s] INFO:colcon.colcon_core.plugin_system:Skipping extension 'colcon_notification.desktop_notification.win32': Not used on non-Windows systems
[44.238s] INFO:colcon.colcon_notification.desktop_notification:Sending desktop notification using 'notify2'
[45.881s] DEBUG:colcon.colcon_core.event_reactor:joined thread
[45.887s] INFO:colcon.colcon_core.shell:Creating prefix script '/home/hhh/role/install/local_setup.ps1'
[45.894s] INFO:colcon.colcon_core.shell:Creating prefix util module '/home/hhh/role/install/_local_setup_util_ps1.py'
[45.903s] INFO:colcon.colcon_core.shell:Creating prefix chain script '/home/hhh/role/install/setup.ps1'
[45.921s] INFO:colcon.colcon_core.shell:Creating prefix script '/home/hhh/role/install/local_setup.sh'
[45.927s] INFO:colcon.colcon_core.shell:Creating prefix util module '/home/hhh/role/install/_local_setup_util_sh.py'
[45.931s] INFO:colcon.colcon_core.shell:Creating prefix chain script '/home/hhh/role/install/setup.sh'
[45.939s] INFO:colcon.colcon_core.shell:Creating prefix script '/home/hhh/role/install/local_setup.bash'
[45.944s] INFO:colcon.colcon_core.shell:Creating prefix chain script '/home/hhh/role/install/setup.bash'
[45.954s] INFO:colcon.colcon_core.shell:Creating prefix script '/home/hhh/role/install/local_setup.zsh'
[45.960s] INFO:colcon.colcon_core.shell:Creating prefix chain script '/home/hhh/role/install/setup.zsh'
